#
# A fatal error has been detected by the Java Runtime Environment:
#
#  EXCEPTION_ACCESS_VIOLATION (0xc0000005) at pc=0x00000000531e01b4, pid=6928, tid=0x00000000000018d4
#
# JRE version: Java(TM) SE Runtime Environment (8.0_151-b12) (build 1.8.0_151-b12)
# Java VM: Java HotSpot(TM) 64-Bit Server VM (25.151-b12 mixed mode windows-amd64 compressed oops)
# Problematic frame:
# C  [awt.dll+0xd01b4]
#
# Failed to write core dump. Minidumps are not enabled by default on client versions of Windows
#
# If you would like to submit a bug report, please visit:
#   http://bugreport.java.com/bugreport/crash.jsp
# The crash happened outside the Java Virtual Machine in native code.
# See problematic frame for where to report the bug.
#

---------------  T H R E A D  ---------------

Current thread (0x0000000024053000):  JavaThread "AWT-EventQueue-0" [_thread_in_native, id=6356, stack(0x0000000026890000,0x0000000026990000)]

siginfo: ExceptionCode=0xc0000005, reading address 0x0000000000000008

Registers:
RAX=0x000000000000000d, RBX=0x00000000240531f8, RCX=0x0000000000000000, RDX=0x00000000470140fa
RSP=0x000000002698c938, RBP=0x00000000240531f8, RSI=0x00000000273f2a30, RDI=0x000000002402f3a0
R8 =0x000000002698c8f8, R9 =0x0000000000000000, R10=0x0000000000000000, R11=0x0000000000000246
R12=0x00000000470140fa, R13=0x0000000000000000, R14=0x00000000c8343997, R15=0x0000000024053000
RIP=0x00000000531e01b4, EFLAGS=0x0000000000010202

Top of Stack: (sp=0x000000002698c938)
0x000000002698c938:   0000000053147651 0000000000000000
0x000000002698c948:   00000000240531f8 0000000025ab0b60
0x000000002698c958:   0000000025ab0b60 0000000000000000
0x000000002698c968:   00000000273f2a30 000000002698cff8
0x000000002698c978:   000000005317bf9d 00000000240531f8
0x000000002698c988:   0000000000000000 000000002698ca01
0x000000002698c998:   0000000000000000 0000000024702a10
0x000000002698c9a8:   0000000053143e92 000000002698cff8
0x000000002698c9b8:   000000002698cab0 00000000240531f8
0x000000002698c9c8:   00000007c01f42c8 000000064386c5b0
0x000000002698c9d8:   00000001f804b924 00000007c0089298
0x000000002698c9e8:   000000074ac6b2a8 0000000100000022
0x000000002698c9f8:   0000002200000002 0000000600000000
0x000000002698ca08:   000000005345501e 00000007c01f42c8
0x000000002698ca18:   000000000000001b 000000074ac62c58
0x000000002698ca28:   000000002698d000 00000000240531f8 

Instructions: (pc=0x00000000531e01b4)
0x00000000531e0194:   41 5e 41 5d 41 5c 5f c3 48 8b 41 08 48 05 00 04
0x00000000531e01a4:   00 00 c3 cc 48 8b 41 08 48 8b 80 18 0c 00 00 c3
0x00000000531e01b4:   48 8b 49 08 48 85 c9 74 05 e9 e2 a9 fe ff 33 c0
0x00000000531e01c4:   c3 cc cc cc 48 83 ec 28 48 8b 49 08 48 85 c9 74 


Register to memory mapping:

RAX=0x000000000000000d is an unknown value
RBX=0x00000000240531f8 is an unknown value
RCX=0x0000000000000000 is an unknown value
RDX=0x00000000470140fa is an unknown value
RSP=0x000000002698c938 is pointing into the stack for thread: 0x0000000024053000
RBP=0x00000000240531f8 is an unknown value
RSI=0x00000000273f2a30 is an unknown value
RDI=0x000000002402f3a0 is an unknown value
R8 =0x000000002698c8f8 is pointing into the stack for thread: 0x0000000024053000
R9 =0x0000000000000000 is an unknown value
R10=0x0000000000000000 is an unknown value
R11=0x0000000000000246 is an unknown value
R12=0x00000000470140fa is an unknown value
R13=0x0000000000000000 is an unknown value
R14=0x00000000c8343997 is an unknown value
R15=0x0000000024053000 is a thread


Stack: [0x0000000026890000,0x0000000026990000],  sp=0x000000002698c938,  free space=1010k
Native frames: (J=compiled Java code, j=interpreted, Vv=VM code, C=native code)
C  [awt.dll+0xd01b4]

Java frames: (J=compiled Java code, j=interpreted, Vv=VM code)
J 8048  sun.java2d.windows.GDIBlitLoops.nativeBlit(Lsun/java2d/SurfaceData;Lsun/java2d/SurfaceData;Lsun/java2d/pipe/Region;IIIIIIIIIZ)V (0 bytes) @ 0x0000000003c8a86c [0x0000000003c8a780+0xec]
J 12278 C2 sun.java2d.windows.GDIBlitLoops.Blit(Lsun/java2d/SurfaceData;Lsun/java2d/SurfaceData;Ljava/awt/Composite;Lsun/java2d/pipe/Region;IIIIII)V (37 bytes) @ 0x0000000004b692c8 [0x0000000004b69220+0xa8]
J 8244 C2 sun.java2d.pipe.DrawImage.renderImageCopy(Lsun/java2d/SunGraphics2D;Ljava/awt/Image;Ljava/awt/Color;IIIIII)Z (147 bytes) @ 0x00000000048c3ce8 [0x00000000048c38a0+0x448]
J 10159 C2 sun.java2d.pipe.DrawImage.copyImage(Lsun/java2d/SunGraphics2D;Ljava/awt/Image;IILjava/awt/Color;Ljava/awt/image/ImageObserver;)Z (60 bytes) @ 0x0000000004959618 [0x0000000004959340+0x2d8]
J 7886 C2 sun.java2d.SunGraphics2D.drawImage(Ljava/awt/Image;IILjava/awt/Color;Ljava/awt/image/ImageObserver;)Z (145 bytes) @ 0x00000000047780bc [0x0000000004777240+0xe7c]
J 8222 C2 sun.java2d.SunGraphics2D.drawImage(Ljava/awt/Image;IILjava/awt/image/ImageObserver;)Z (11 bytes) @ 0x0000000003b0f8d8 [0x0000000003b0f8a0+0x38]
J 8043 C1 javax.swing.RepaintManager$PaintManager.paintDoubleBuffered(Ljavax/swing/JComponent;Ljava/awt/Image;Ljava/awt/Graphics;IIII)V (294 bytes) @ 0x00000000047f9b64 [0x00000000047f9220+0x944]
J 7779 C1 javax.swing.RepaintManager$PaintManager.paint(Ljavax/swing/JComponent;Ljavax/swing/JComponent;Ljava/awt/Graphics;IIII)Z (189 bytes) @ 0x00000000046f2da4 [0x00000000046f20c0+0xce4]
J 7807 C1 javax.swing.RepaintManager.paint(Ljavax/swing/JComponent;Ljavax/swing/JComponent;Ljava/awt/Graphics;IIII)V (93 bytes) @ 0x0000000004714c44 [0x0000000004714760+0x4e4]
J 11667 C2 javax.swing.JComponent.paint(Ljava/awt/Graphics;)V (409 bytes) @ 0x00000000051b6814 [0x00000000051b6220+0x5f4]
J 11747 C1 java.awt.GraphicsCallback$PaintCallback.run(Ljava/awt/Component;Ljava/awt/Graphics;)V (6 bytes) @ 0x000000000463498c [0x0000000004634880+0x10c]
J 11694 C1 sun.awt.SunGraphicsCallback.runOneComponent(Ljava/awt/Component;Ljava/awt/Rectangle;Ljava/awt/Graphics;Ljava/awt/Shape;I)V (177 bytes) @ 0x00000000051c8bb4 [0x00000000051c7220+0x1994]
J 12064 C1 sun.awt.SunGraphicsCallback.runComponents([Ljava/awt/Component;Ljava/awt/Graphics;I)V (204 bytes) @ 0x00000000052eccb4 [0x00000000052eb9a0+0x1314]
J 11761 C1 java.awt.Container.paint(Ljava/awt/Graphics;)V (62 bytes) @ 0x00000000050744ec [0x00000000050739c0+0xb2c]
J 12919 C1 java.awt.Window.paint(Ljava/awt/Graphics;)V (72 bytes) @ 0x000000000556080c [0x000000000555fa20+0xdec]
J 12543 C2 javax.swing.RepaintManager$4.run()Ljava/lang/Object; (5 bytes) @ 0x00000000047715ac [0x0000000004771260+0x34c]
v  ~StubRoutines::call_stub
J 1113  java.security.AccessController.doPrivileged(Ljava/security/PrivilegedAction;Ljava/security/AccessControlContext;)Ljava/lang/Object; (0 bytes) @ 0x000000000353d926 [0x000000000353d8c0+0x66]
J 12668 C2 javax.swing.RepaintManager.paintDirtyRegions(Ljava/util/Map;)V (196 bytes) @ 0x0000000005429bc4 [0x0000000005429480+0x744]
J 12670 C2 javax.swing.RepaintManager$ProcessingRunnable.run()V (41 bytes) @ 0x000000000543c5bc [0x000000000543c060+0x55c]
J 6899 C2 java.awt.event.InvocationEvent.dispatch()V (69 bytes) @ 0x0000000004062848 [0x00000000040622c0+0x588]
J 6903 C2 java.awt.EventQueue$3.run()Ljava/lang/Object; (5 bytes) @ 0x00000000039502e4 [0x0000000003950040+0x2a4]
v  ~StubRoutines::call_stub
J 1113  java.security.AccessController.doPrivileged(Ljava/security/PrivilegedAction;Ljava/security/AccessControlContext;)Ljava/lang/Object; (0 bytes) @ 0x000000000353d926 [0x000000000353d8c0+0x66]
J 11794 C2 java.awt.EventDispatchThread.pumpOneEventForFilters(I)V (295 bytes) @ 0x0000000005214250 [0x0000000005213ec0+0x390]
J 11098% C2 java.awt.EventDispatchThread.pumpEventsForFilter(ILjava/awt/Conditional;Ljava/awt/EventFilter;)V (47 bytes) @ 0x0000000004f92840 [0x0000000004f92740+0x100]
j  java.awt.EventDispatchThread.pumpEventsForHierarchy(ILjava/awt/Conditional;Ljava/awt/Component;)V+11
j  java.awt.EventDispatchThread.pumpEvents(ILjava/awt/Conditional;)V+4
j  java.awt.EventDispatchThread.pumpEvents(Ljava/awt/Conditional;)V+3
j  java.awt.EventDispatchThread.run()V+9
v  ~StubRoutines::call_stub

---------------  P R O C E S S  ---------------

Java Threads: ( => current thread )
  0x0000000022d89800 JavaThread "Image Fetcher 0" daemon [_thread_blocked, id=9752, stack(0x000000003da40000,0x000000003db40000)]
  0x0000000027beb000 JavaThread "Swing-Shell" daemon [_thread_blocked, id=16168, stack(0x000000002db20000,0x000000002dc20000)]
  0x0000000027bee000 JavaThread "NanoOffset" daemon [_thread_blocked, id=9776, stack(0x000000002d920000,0x000000002da20000)]
  0x0000000027bed800 JavaThread "DestroyJavaVM" [_thread_blocked, id=8596, stack(0x0000000002f50000,0x0000000003050000)]
  0x0000000027bec000 JavaThread "TimerQueue" daemon [_thread_blocked, id=2804, stack(0x000000002c850000,0x000000002c950000)]
=>0x0000000024053000 JavaThread "AWT-EventQueue-0" [_thread_in_native, id=6356, stack(0x0000000026890000,0x0000000026990000)]
  0x0000000023ebd000 JavaThread "AWT-Windows" daemon [_thread_in_native, id=11844, stack(0x00000000253f0000,0x00000000254f0000)]
  0x0000000023eb2000 JavaThread "AWT-Shutdown" [_thread_blocked, id=15272, stack(0x00000000252f0000,0x00000000253f0000)]
  0x0000000023ea7800 JavaThread "Java2D Disposer" daemon [_thread_blocked, id=15444, stack(0x0000000025180000,0x0000000025280000)]
  0x0000000022bb0800 JavaThread "Service Thread" daemon [_thread_blocked, id=11892, stack(0x0000000022f90000,0x0000000023090000)]
  0x000000002126a800 JavaThread "C1 CompilerThread2" daemon [_thread_blocked, id=13772, stack(0x0000000022a90000,0x0000000022b90000)]
  0x0000000021264000 JavaThread "C2 CompilerThread1" daemon [_thread_blocked, id=12364, stack(0x0000000022990000,0x0000000022a90000)]
  0x000000002125f800 JavaThread "C2 CompilerThread0" daemon [_thread_blocked, id=5476, stack(0x0000000022890000,0x0000000022990000)]
  0x000000002125e000 JavaThread "Attach Listener" daemon [_thread_blocked, id=7196, stack(0x0000000022790000,0x0000000022890000)]
  0x000000002125b000 JavaThread "Signal Dispatcher" daemon [_thread_blocked, id=12716, stack(0x0000000022690000,0x0000000022790000)]
  0x0000000021249000 JavaThread "Finalizer" daemon [_thread_blocked, id=12764, stack(0x00000000224b0000,0x00000000225b0000)]
  0x0000000003141000 JavaThread "Reference Handler" daemon [_thread_blocked, id=14220, stack(0x00000000223b0000,0x00000000224b0000)]

Other Threads:
  0x0000000021227000 VMThread [stack: 0x00000000222b0000,0x00000000223b0000] [id=3968]
  0x0000000022bc4800 WatcherThread [stack: 0x0000000023090000,0x0000000023190000] [id=15424]

VM state:not at safepoint (normal execution)

VM Mutex/Monitor currently owned by a thread: None

Heap:
 PSYoungGen      total 301568K, used 177414K [0x0000000740900000, 0x0000000757a00000, 0x00000007c0000000)
  eden space 229376K, 73% used [0x0000000740900000,0x000000074aea53e0,0x000000074e900000)
  from space 72192K, 10% used [0x0000000753380000,0x0000000753b1c7b8,0x0000000757a00000)
  to   space 74240K, 0% used [0x000000074e900000,0x000000074e900000,0x0000000753180000)
 ParOldGen       total 349184K, used 91120K [0x0000000641a00000, 0x0000000656f00000, 0x0000000740900000)
  object space 349184K, 26% used [0x0000000641a00000,0x00000006472fc028,0x0000000656f00000)
 Metaspace       used 60457K, capacity 61610K, committed 62208K, reserved 1101824K
  class space    used 8485K, capacity 8796K, committed 8960K, reserved 1048576K

Card table byte_map: [0x0000000012510000,0x0000000013110000] byte_map_base: 0x000000000f303000

Marking Bits: (ParMarkBitMap*) 0x0000000053b7d850
 Begin Bits: [0x0000000013d10000, 0x0000000019ca8000)
 End Bits:   [0x0000000019ca8000, 0x000000001fc40000)

Polling page: 0x00000000016b0000

CodeCache: size=245760Kb used=43609Kb max_used=43620Kb free=202151Kb
 bounds [0x0000000003150000, 0x0000000005c40000, 0x0000000012150000]
 total_blobs=12508 nmethods=11770 adapters=646
 compilation: enabled

Compilation events (10 events):
Event: 613883.358 Thread 0x000000002126a800 15095       3       org.apache.logging.log4j.message.ReusableParameterizedMessage::getParameterCount (6 bytes)
Event: 613883.358 Thread 0x000000002126a800 nmethod 15095 0x00000000032f9910 code [0x00000000032f9a60, 0x00000000032f9bb0]
Event: 613889.476 Thread 0x0000000021264000 15096       4       org.apache.jmeter.testelement.property.ObjectProperty::recoverRunningVersion (16 bytes)
Event: 613889.476 Thread 0x0000000021264000 nmethod 15096 0x00000000039d59d0 code [0x00000000039d5b00, 0x00000000039d5b98]
Event: 615961.643 Thread 0x000000002126a800 15097       3       java.util.WeakHashMap$HashIterator::hasNext (95 bytes)
Event: 615961.643 Thread 0x000000002126a800 nmethod 15097 0x0000000005c30f90 code [0x0000000005c31120, 0x0000000005c315f0]
Event: 615961.708 Thread 0x000000002126a800 15098       3       sun.awt.image.VolatileSurfaceManager::initContents (40 bytes)
Event: 615961.710 Thread 0x000000002126a800 nmethod 15098 0x0000000005c30150 code [0x0000000005c30340, 0x0000000005c30bb8]
Event: 615961.730 Thread 0x000000002125f800 15099       4       javax.swing.Box$Filler::paintComponent (45 bytes)
Event: 615961.732 Thread 0x000000002125f800 nmethod 15099 0x00000000036fb190 code [0x00000000036fb2c0, 0x00000000036fb378]

GC Heap History (10 events):
Event: 607909.010 GC heap before
{Heap before GC invocations=44 (full 5):
 PSYoungGen      total 310272K, used 228352K [0x0000000740900000, 0x0000000758900000, 0x00000007c0000000)
  eden space 228352K, 100% used [0x0000000740900000,0x000000074e800000,0x000000074e800000)
  from space 81920K, 0% used [0x0000000753900000,0x0000000753900000,0x0000000758900000)
  to   space 82432K, 0% used [0x000000074e800000,0x000000074e800000,0x0000000753880000)
 ParOldGen       total 349184K, used 89834K [0x0000000641a00000, 0x0000000656f00000, 0x0000000740900000)
  object space 349184K, 25% used [0x0000000641a00000,0x00000006471baa00,0x0000000656f00000)
 Metaspace       used 59874K, capacity 60968K, committed 61440K, reserved 1101824K
  class space    used 8478K, capacity 8785K, committed 8960K, reserved 1048576K
Event: 607909.024 GC heap after
Heap after GC invocations=44 (full 5):
 PSYoungGen      total 236544K, used 8096K [0x0000000740900000, 0x0000000758680000, 0x00000007c0000000)
  eden space 228352K, 0% used [0x0000000740900000,0x0000000740900000,0x000000074e800000)
  from space 8192K, 98% used [0x000000074e800000,0x000000074efe8060,0x000000074f000000)
  to   space 80896K, 0% used [0x0000000753780000,0x0000000753780000,0x0000000758680000)
 ParOldGen       total 349184K, used 89842K [0x0000000641a00000, 0x0000000656f00000, 0x0000000740900000)
  object space 349184K, 25% used [0x0000000641a00000,0x00000006471bca00,0x0000000656f00000)
 Metaspace       used 59874K, capacity 60968K, committed 61440K, reserved 1101824K
  class space    used 8478K, capacity 8785K, committed 8960K, reserved 1048576K
}
Event: 610247.698 GC heap before
{Heap before GC invocations=45 (full 5):
 PSYoungGen      total 236544K, used 236448K [0x0000000740900000, 0x0000000758680000, 0x00000007c0000000)
  eden space 228352K, 100% used [0x0000000740900000,0x000000074e800000,0x000000074e800000)
  from space 8192K, 98% used [0x000000074e800000,0x000000074efe8060,0x000000074f000000)
  to   space 80896K, 0% used [0x0000000753780000,0x0000000753780000,0x0000000758680000)
 ParOldGen       total 349184K, used 89842K [0x0000000641a00000, 0x0000000656f00000, 0x0000000740900000)
  object space 349184K, 25% used [0x0000000641a00000,0x00000006471bca00,0x0000000656f00000)
 Metaspace       used 60089K, capacity 61190K, committed 61696K, reserved 1101824K
  class space    used 8481K, capacity 8790K, committed 8960K, reserved 1048576K
Event: 610247.704 GC heap after
Heap after GC invocations=45 (full 5):
 PSYoungGen      total 306688K, used 6294K [0x0000000740900000, 0x0000000758380000, 0x00000007c0000000)
  eden space 228864K, 0% used [0x0000000740900000,0x0000000740900000,0x000000074e880000)
  from space 77824K, 8% used [0x0000000753780000,0x0000000753da5990,0x0000000758380000)
  to   space 79360K, 0% used [0x000000074e880000,0x000000074e880000,0x0000000753600000)
 ParOldGen       total 349184K, used 89850K [0x0000000641a00000, 0x0000000656f00000, 0x0000000740900000)
  object space 349184K, 25% used [0x0000000641a00000,0x00000006471bea00,0x0000000656f00000)
 Metaspace       used 60089K, capacity 61190K, committed 61696K, reserved 1101824K
  class space    used 8481K, capacity 8790K, committed 8960K, reserved 1048576K
}
Event: 612663.767 GC heap before
{Heap before GC invocations=46 (full 5):
 PSYoungGen      total 306688K, used 144955K [0x0000000740900000, 0x0000000758380000, 0x00000007c0000000)
  eden space 228864K, 60% used [0x0000000740900000,0x00000007490694d0,0x000000074e880000)
  from space 77824K, 8% used [0x0000000753780000,0x0000000753da5990,0x0000000758380000)
  to   space 79360K, 0% used [0x000000074e880000,0x000000074e880000,0x0000000753600000)
 ParOldGen       total 349184K, used 89850K [0x0000000641a00000, 0x0000000656f00000, 0x0000000740900000)
  object space 349184K, 25% used [0x0000000641a00000,0x00000006471bea00,0x0000000656f00000)
 Metaspace       used 60135K, capacity 61254K, committed 61696K, reserved 1101824K
  class space    used 8481K, capacity 8790K, committed 8960K, reserved 1048576K
Event: 612663.787 GC heap after
Heap after GC invocations=46 (full 5):
 PSYoungGen      total 236032K, used 6848K [0x0000000740900000, 0x0000000757e80000, 0x00000007c0000000)
  eden space 228864K, 0% used [0x0000000740900000,0x0000000740900000,0x000000074e880000)
  from space 7168K, 95% used [0x000000074e880000,0x000000074ef302f0,0x000000074ef80000)
  to   space 76800K, 0% used [0x0000000753380000,0x0000000753380000,0x0000000757e80000)
 ParOldGen       total 349184K, used 89858K [0x0000000641a00000, 0x0000000656f00000, 0x0000000740900000)
  object space 349184K, 25% used [0x0000000641a00000,0x00000006471c0a00,0x0000000656f00000)
 Metaspace       used 60135K, capacity 61254K, committed 61696K, reserved 1101824K
  class space    used 8481K, capacity 8790K, committed 8960K, reserved 1048576K
}
Event: 612663.787 GC heap before
{Heap before GC invocations=47 (full 6):
 PSYoungGen      total 236032K, used 6848K [0x0000000740900000, 0x0000000757e80000, 0x00000007c0000000)
  eden space 228864K, 0% used [0x0000000740900000,0x0000000740900000,0x000000074e880000)
  from space 7168K, 95% used [0x000000074e880000,0x000000074ef302f0,0x000000074ef80000)
  to   space 76800K, 0% used [0x0000000753380000,0x0000000753380000,0x0000000757e80000)
 ParOldGen       total 349184K, used 89858K [0x0000000641a00000, 0x0000000656f00000, 0x0000000740900000)
  object space 349184K, 25% used [0x0000000641a00000,0x00000006471c0a00,0x0000000656f00000)
 Metaspace       used 60135K, capacity 61254K, committed 61696K, reserved 1101824K
  class space    used 8481K, capacity 8790K, committed 8960K, reserved 1048576K
Event: 612664.191 GC heap after
Heap after GC invocations=47 (full 6):
 PSYoungGen      total 236032K, used 0K [0x0000000740900000, 0x0000000757e80000, 0x00000007c0000000)
  eden space 228864K, 0% used [0x0000000740900000,0x0000000740900000,0x000000074e880000)
  from space 7168K, 0% used [0x000000074e880000,0x000000074e880000,0x000000074ef80000)
  to   space 76800K, 0% used [0x0000000753380000,0x0000000753380000,0x0000000757e80000)
 ParOldGen       total 349184K, used 91112K [0x0000000641a00000, 0x0000000656f00000, 0x0000000740900000)
  object space 349184K, 26% used [0x0000000641a00000,0x00000006472fa028,0x0000000656f00000)
 Metaspace       used 60135K, capacity 61254K, committed 61696K, reserved 1101824K
  class space    used 8481K, capacity 8790K, committed 8960K, reserved 1048576K
}
Event: 613554.790 GC heap before
{Heap before GC invocations=48 (full 6):
 PSYoungGen      total 236032K, used 228864K [0x0000000740900000, 0x0000000757e80000, 0x00000007c0000000)
  eden space 228864K, 100% used [0x0000000740900000,0x000000074e880000,0x000000074e880000)
  from space 7168K, 0% used [0x000000074e880000,0x000000074e880000,0x000000074ef80000)
  to   space 76800K, 0% used [0x0000000753380000,0x0000000753380000,0x0000000757e80000)
 ParOldGen       total 349184K, used 91112K [0x0000000641a00000, 0x0000000656f00000, 0x0000000740900000)
  object space 349184K, 26% used [0x0000000641a00000,0x00000006472fa028,0x0000000656f00000)
 Metaspace       used 60302K, capacity 61446K, committed 61952K, reserved 1101824K
  class space    used 8482K, capacity 8790K, committed 8960K, reserved 1048576K
Event: 613554.802 GC heap after
Heap after GC invocations=48 (full 6):
 PSYoungGen      total 301568K, used 7793K [0x0000000740900000, 0x0000000757a00000, 0x00000007c0000000)
  eden space 229376K, 0% used [0x0000000740900000,0x0000000740900000,0x000000074e900000)
  from space 72192K, 10% used [0x0000000753380000,0x0000000753b1c7b8,0x0000000757a00000)
  to   space 74240K, 0% used [0x000000074e900000,0x000000074e900000,0x0000000753180000)
 ParOldGen       total 349184K, used 91120K [0x0000000641a00000, 0x0000000656f00000, 0x0000000740900000)
  object space 349184K, 26% used [0x0000000641a00000,0x00000006472fc028,0x0000000656f00000)
 Metaspace       used 60302K, capacity 61446K, committed 61952K, reserved 1101824K
  class space    used 8482K, capacity 8790K, committed 8960K, reserved 1048576K
}

Deoptimization events (10 events):
Event: 609386.448 Thread 0x0000000024053000 Uncommon trap: reason=unstable_if action=reinterpret pc=0x0000000005655354 method=java.awt.Container.remove(I)V @ 143
Event: 609386.448 Thread 0x0000000024053000 Uncommon trap: reason=unstable_if action=reinterpret pc=0x0000000004b81230 method=java.awt.Container.eventEnabled(Ljava/awt/AWTEvent;)Z @ 16
Event: 609386.449 Thread 0x0000000024053000 Uncommon trap: reason=unstable_if action=reinterpret pc=0x0000000004fa89c0 method=javax.swing.JComponent.setVisible(Z)V @ 23
Event: 609386.454 Thread 0x0000000024053000 Uncommon trap: reason=class_check action=maybe_recompile pc=0x00000000052c3840 method=javax.swing.plaf.basic.BasicTreeUI.paintExpandControl(Ljava/awt/Graphics;Ljava/awt/Rectangle;Ljava/awt/Insets;Ljava/awt/Rectangle;Ljavax/swing/tree/TreePath;IZZZ)V @ 23
Event: 609388.297 Thread 0x0000000024053000 Uncommon trap: reason=class_check action=maybe_recompile pc=0x00000000052c3840 method=javax.swing.plaf.basic.BasicTreeUI.paintExpandControl(Ljava/awt/Graphics;Ljava/awt/Rectangle;Ljava/awt/Insets;Ljava/awt/Rectangle;Ljavax/swing/tree/TreePath;IZZZ)V @ 23
Event: 609388.297 Thread 0x0000000024053000 Uncommon trap: reason=class_check action=maybe_recompile pc=0x00000000052c3840 method=javax.swing.plaf.basic.BasicTreeUI.paintExpandControl(Ljava/awt/Graphics;Ljava/awt/Rectangle;Ljava/awt/Insets;Ljava/awt/Rectangle;Ljavax/swing/tree/TreePath;IZZZ)V @ 23
Event: 610837.199 Thread 0x0000000024053000 Uncommon trap: reason=unstable_if action=reinterpret pc=0x0000000005532c7c method=sun.java2d.SunGraphics2D.validateCompClip()V @ 164
Event: 610847.006 Thread 0x0000000024053000 Uncommon trap: reason=bimorphic action=maybe_recompile pc=0x0000000003c71ff8 method=javax.swing.ArrayTable.put(Ljava/lang/Object;Ljava/lang/Object;)V @ 76
Event: 613264.731 Thread 0x0000000024053000 Uncommon trap: reason=unstable_if action=reinterpret pc=0x0000000005a807bc method=javax.swing.plaf.basic.BasicTreeUI.paintVerticalPartOfLeg(Ljava/awt/Graphics;Ljava/awt/Rectangle;Ljava/awt/Insets;Ljavax/swing/tree/TreePath;)V @ 126
Event: 613264.731 Thread 0x0000000024053000 Uncommon trap: reason=unstable_if action=reinterpret pc=0x0000000003fbdef8 method=javax.swing.plaf.basic.BasicTreeUI.paintHorizontalPartOfLeg(Ljava/awt/Graphics;Ljava/awt/Rectangle;Ljava/awt/Insets;Ljava/awt/Rectangle;Ljavax/swing/tree/TreePath;IZZZ)V @ 1

Internal exceptions (10 events):
Event: 346185.178 Thread 0x0000000024053000 Exception <a 'java/lang/NoClassDefFoundError': org/apache/jmeter/protocol/http/sampler/HTTPSampler2> (0x0000000744bb7e08) thrown at [C:\re\workspace\8-2-build-windows-amd64-cygwin\jdk8u151\9699\hotspot\src\share\vm\classfile\systemDictionary.cpp, line 199
Event: 346185.178 Thread 0x0000000024053000 Exception <a 'java/lang/NoClassDefFoundError'> (0x0000000744bb7e08) thrown at [C:\re\workspace\8-2-build-windows-amd64-cygwin\jdk8u151\9699\hotspot\src\share\vm\prims\jvm.cpp, line 1394]
Event: 359272.194 Thread 0x0000000024053000 Implicit null exception at 0x0000000004c1c67f to 0x0000000004c1e129
Event: 607146.012 Thread 0x0000000024053000 Exception <a 'java/lang/ClassNotFoundException': org/apache/jmeter/modifiers/BeanShellPreProcessorCustomizer> (0x0000000746317b50) thrown at [C:\re\workspace\8-2-build-windows-amd64-cygwin\jdk8u151\9699\hotspot\src\share\vm\classfile\systemDictionary.cpp,
Event: 607146.012 Thread 0x0000000024053000 Implicit null exception at 0x00000000032761a2 to 0x0000000003276619
Event: 607146.032 Thread 0x0000000024053000 Implicit null exception at 0x0000000003ef9a2b to 0x0000000003efacdd
Event: 607146.032 Thread 0x0000000024053000 Implicit null exception at 0x0000000003b9ff25 to 0x0000000003ba04bd
Event: 607150.473 Thread 0x0000000024053000 Implicit null exception at 0x000000000393e73f to 0x000000000393ecb9
Event: 607152.659 Thread 0x0000000022d88000 Implicit null exception at 0x0000000004c16a1d to 0x0000000004c17749
Event: 607448.245 Thread 0x0000000022d88800 Implicit null exception at 0x00000000048fca23 to 0x0000000004907259

Events (10 events):
Event: 613891.840 Thread 0x0000000022d89800 Thread exited: 0x0000000022d89800
Event: 615957.787 Thread 0x0000000022d88800 Thread added: 0x0000000022d88800
Event: 615959.516 Thread 0x0000000022d86800 Thread added: 0x0000000022d86800
Event: 615967.050 Executing VM operation: RevokeBias
Event: 615967.050 Executing VM operation: RevokeBias done
Event: 615967.050 Thread 0x0000000022d86800 Thread exited: 0x0000000022d86800
Event: 615967.050 Executing VM operation: RevokeBias
Event: 615967.050 Executing VM operation: RevokeBias done
Event: 615967.050 Thread 0x0000000022d88800 Thread exited: 0x0000000022d88800
Event: 615984.297 Thread 0x0000000022d89800 Thread added: 0x0000000022d89800


Dynamic libraries:
0x00007ff743480000 - 0x00007ff7434b7000 	C:\Program Files\Java\jre1.8.0_151\bin\javaw.exe
0x00007ff9e61a0000 - 0x00007ff9e6361000 	C:\Windows\SYSTEM32\ntdll.dll
0x00007ff9e5fe0000 - 0x00007ff9e608d000 	C:\Windows\system32\KERNEL32.DLL
0x00007ff9e2a20000 - 0x00007ff9e2c08000 	C:\Windows\system32\KERNELBASE.dll
0x00007ff9e3de0000 - 0x00007ff9e3e87000 	C:\Windows\system32\ADVAPI32.dll
0x00007ff9e4650000 - 0x00007ff9e46ed000 	C:\Windows\system32\msvcrt.dll
0x00007ff9e35a0000 - 0x00007ff9e35fb000 	C:\Windows\system32\sechost.dll
0x00007ff9e4240000 - 0x00007ff9e435d000 	C:\Windows\system32\RPCRT4.dll
0x00007ff9e4470000 - 0x00007ff9e45c6000 	C:\Windows\system32\USER32.dll
0x00007ff9e37c0000 - 0x00007ff9e3947000 	C:\Windows\system32\GDI32.dll
0x00007ff9d6cb0000 - 0x00007ff9d6f24000 	C:\Windows\WinSxS\amd64_microsoft.windows.common-controls_6595b64144ccf1df_6.0.10586.839_none_a2ddba30a539a2ae\COMCTL32.dll
0x00007ff9e3e90000 - 0x00007ff9e410e000 	C:\Windows\system32\combase.dll
0x00007ff9e2c10000 - 0x00007ff9e2c7a000 	C:\Windows\system32\bcryptPrimitives.dll
0x00007ff9e60a0000 - 0x00007ff9e60db000 	C:\Windows\system32\IMM32.DLL
0x0000000053c00000 - 0x0000000053cd2000 	C:\Program Files\Java\jre1.8.0_151\bin\msvcr100.dll
0x0000000053360000 - 0x0000000053bfd000 	C:\Program Files\Java\jre1.8.0_151\bin\server\jvm.dll
0x00007ff9e3600000 - 0x00007ff9e3608000 	C:\Windows\system32\PSAPI.DLL
0x00007ff9d9560000 - 0x00007ff9d956a000 	C:\Windows\SYSTEM32\VERSION.dll
0x00007ff9e1030000 - 0x00007ff9e1053000 	C:\Windows\SYSTEM32\WINMM.dll
0x00007ff9d9040000 - 0x00007ff9d9049000 	C:\Windows\SYSTEM32\WSOCK32.dll
0x00007ff9e46f0000 - 0x00007ff9e475b000 	C:\Windows\system32\WS2_32.dll
0x00007ff9e0fd0000 - 0x00007ff9e0ffc000 	C:\Windows\SYSTEM32\WINMMBASE.dll
0x00007ff9e3480000 - 0x00007ff9e34c3000 	C:\Windows\system32\cfgmgr32.dll
0x0000000053350000 - 0x000000005335f000 	C:\Program Files\Java\jre1.8.0_151\bin\verify.dll
0x0000000053320000 - 0x0000000053349000 	C:\Program Files\Java\jre1.8.0_151\bin\java.dll
0x0000000053300000 - 0x0000000053316000 	C:\Program Files\Java\jre1.8.0_151\bin\zip.dll
0x00007ff9e48b0000 - 0x00007ff9e5e0c000 	C:\Windows\system32\SHELL32.dll
0x00007ff9e2e30000 - 0x00007ff9e3475000 	C:\Windows\system32\windows.storage.dll
0x00007ff9e3950000 - 0x00007ff9e39a2000 	C:\Windows\system32\shlwapi.dll
0x00007ff9e2810000 - 0x00007ff9e281f000 	C:\Windows\system32\kernel.appcore.dll
0x00007ff9e2d10000 - 0x00007ff9e2dc5000 	C:\Windows\system32\shcore.dll
0x00007ff9e27c0000 - 0x00007ff9e280b000 	C:\Windows\system32\powrprof.dll
0x00007ff9e2830000 - 0x00007ff9e2844000 	C:\Windows\system32\profapi.dll
0x00000000532f0000 - 0x00000000532fd000 	C:\Program Files\Java\jre1.8.0_151\bin\management.dll
0x00000000532d0000 - 0x00000000532ea000 	C:\Program Files\Java\jre1.8.0_151\bin\net.dll
0x00007ff9e2090000 - 0x00007ff9e20ec000 	C:\Windows\system32\mswsock.dll
0x00007ff9c8590000 - 0x00007ff9c85a6000 	C:\Windows\system32\napinsp.dll
0x00007ff9c85b0000 - 0x00007ff9c85ca000 	C:\Windows\system32\pnrpnsp.dll
0x00007ff9df450000 - 0x00007ff9df468000 	C:\Windows\system32\NLAapi.dll
0x00007ff9e12a0000 - 0x00007ff9e134a000 	C:\Windows\SYSTEM32\DNSAPI.dll
0x00007ff9e60e0000 - 0x00007ff9e60e8000 	C:\Windows\system32\NSI.dll
0x00007ff9c85d0000 - 0x00007ff9c85dd000 	C:\Windows\System32\winrnr.dll
0x00007ff9dc710000 - 0x00007ff9dc71a000 	C:\Windows\System32\rasadhlp.dll
0x00007ff9dfea0000 - 0x00007ff9dfed8000 	C:\Windows\SYSTEM32\IPHLPAPI.DLL
0x00007ff9def20000 - 0x00007ff9def87000 	C:\Windows\System32\fwpuclnt.dll
0x00007ff9e26f0000 - 0x00007ff9e2719000 	C:\Windows\SYSTEM32\bcrypt.dll
0x00000000532b0000 - 0x00000000532c1000 	C:\Program Files\Java\jre1.8.0_151\bin\nio.dll
0x0000000053110000 - 0x00000000532a8000 	C:\Program Files\Java\jre1.8.0_151\bin\awt.dll
0x00007ff9e4110000 - 0x00007ff9e41d6000 	C:\Windows\system32\OLEAUT32.dll
0x00007ff9e0e10000 - 0x00007ff9e0e89000 	C:\Windows\system32\apphelp.dll
0x00007ff9e07a0000 - 0x00007ff9e07c2000 	C:\Windows\system32\DWMAPI.DLL
0x00007ff9e1200000 - 0x00007ff9e1296000 	C:\Windows\system32\uxtheme.dll
0x00007ff9bf990000 - 0x00007ff9bfab9000 	C:\Windows\system32\opengl32.dll
0x00007ff9bf920000 - 0x00007ff9bf94e000 	C:\Windows\SYSTEM32\GLU32.dll
0x00007ff9bf820000 - 0x00007ff9bf91a000 	C:\Windows\SYSTEM32\DDRAW.dll
0x00007ff9db560000 - 0x00007ff9db568000 	C:\Windows\SYSTEM32\DCIMAN32.dll
0x00007ff9e5e80000 - 0x00007ff9e5fda000 	C:\Windows\system32\MSCTF.dll
0x00007ff9e4760000 - 0x00007ff9e48a3000 	C:\Windows\system32\ole32.dll
0x00000000530c0000 - 0x0000000053107000 	C:\Program Files\Java\jre1.8.0_151\bin\fontmanager.dll
0x0000000053070000 - 0x00000000530b2000 	C:\Program Files\Java\jre1.8.0_151\bin\t2k.dll
0x0000000053040000 - 0x000000005306a000 	C:\Program Files\Java\jre1.8.0_151\bin\dcpr.dll
0x00007ff9e60f0000 - 0x00007ff9e6197000 	C:\Windows\system32\clbcatq.dll
0x00007ff9df290000 - 0x00007ff9df441000 	C:\Windows\SYSTEM32\WindowsCodecs.dll
0x00007ff9bf460000 - 0x00007ff9bf4aa000 	C:\Windows\system32\dataexchange.dll
0x00007ff9e0400000 - 0x00007ff9e06a8000 	C:\Windows\system32\d3d11.dll
0x00007ff9e0b70000 - 0x00007ff9e0c53000 	C:\Windows\system32\dcomp.dll
0x00007ff9dff10000 - 0x00007ff9dffb2000 	C:\Windows\system32\dxgi.dll
0x00007ff9e13a0000 - 0x00007ff9e14a0000 	C:\Windows\system32\twinapi.appcore.dll
0x00007ff9dec00000 - 0x00007ff9dec16000 	C:\Windows\SYSTEM32\dhcpcsvc6.DLL
0x00007ff9dd9f0000 - 0x00007ff9dda0a000 	C:\Windows\SYSTEM32\dhcpcsvc.DLL
0x0000000053010000 - 0x0000000053034000 	C:\Program Files\Java\jre1.8.0_151\bin\sunec.dll
0x00007ff9e2140000 - 0x00007ff9e2157000 	C:\Windows\SYSTEM32\CRYPTSP.dll
0x00007ff9e1dd0000 - 0x00007ff9e1e04000 	C:\Windows\system32\rsaenh.dll
0x00007ff9e1f20000 - 0x00007ff9e1f3f000 	C:\Windows\SYSTEM32\USERENV.dll
0x00007ff9e2260000 - 0x00007ff9e226b000 	C:\Windows\SYSTEM32\CRYPTBASE.dll
0x0000000053000000 - 0x000000005300b000 	C:\Program Files\Java\jre1.8.0_151\bin\sunmscapi.dll
0x00007ff9e2850000 - 0x00007ff9e2a18000 	C:\Windows\system32\CRYPT32.dll
0x00007ff9e2820000 - 0x00007ff9e2830000 	C:\Windows\system32\MSASN1.dll
0x00007ff9d8c40000 - 0x00007ff9d8cea000 	C:\Windows\WinSxS\amd64_microsoft.windows.common-controls_6595b64144ccf1df_5.82.10586.0_none_396e892957c7fb25\comctl32.dll
0x00007ff9dfb80000 - 0x00007ff9dfd06000 	C:\Windows\SYSTEM32\PROPSYS.dll
0x00007ff9c3440000 - 0x00007ff9c38d3000 	C:\Windows\System32\ActXPrxy.dll
0x00007ff9a5190000 - 0x00007ff9a52b7000 	C:\Windows\system32\NetworkExplorer.dll
0x00007ff9dadd0000 - 0x00007ff9dadeb000 	C:\Windows\SYSTEM32\MPR.dll
0x00007ff9c33b0000 - 0x00007ff9c33bb000 	C:\Windows\System32\drprov.dll
0x00007ff9e2440000 - 0x00007ff9e2496000 	C:\Windows\System32\WINSTA.dll
0x00007ff9c22c0000 - 0x00007ff9c22d6000 	C:\Windows\System32\ntlanman.dll
0x00007ff9c22a0000 - 0x00007ff9c22c0000 	C:\Windows\System32\davclnt.dll
0x00007ff9d8c30000 - 0x00007ff9d8c3c000 	C:\Windows\System32\DAVHLPR.dll
0x00007ff9dda60000 - 0x00007ff9dda76000 	C:\Windows\System32\wkscli.dll
0x00007ff9cefb0000 - 0x00007ff9cefc2000 	C:\Windows\SYSTEM32\cscapi.dll
0x00007ff9e1cd0000 - 0x00007ff9e1cdc000 	C:\Windows\System32\netutils.dll
0x00007ff9a5360000 - 0x00007ff9a53df000 	C:\Windows\System32\dlnashext.dll
0x00007ff9a52c0000 - 0x00007ff9a52df000 	C:\Windows\System32\DevDispItemProvider.dll
0x00007ff9e1350000 - 0x00007ff9e1377000 	C:\Windows\System32\DEVOBJ.dll
0x00007ff9a4f60000 - 0x00007ff9a5163000 	C:\Windows\system32\wpdshext.dll
0x00007ff9d8e40000 - 0x00007ff9d8fe8000 	C:\Windows\WinSxS\amd64_microsoft.windows.gdiplus_6595b64144ccf1df_1.1.10586.1106_none_9396e55ea8022558\gdiplus.dll
0x00007ff9e06f0000 - 0x00007ff9e0791000 	C:\Windows\System32\PortableDeviceApi.dll
0x00007ff9e39b0000 - 0x00007ff9e3dd9000 	C:\Windows\system32\SETUPAPI.dll
0x00007ff9e2dd0000 - 0x00007ff9e2e25000 	C:\Windows\system32\WINTRUST.dll
0x00007ff9bc720000 - 0x00007ff9bc757000 	C:\Windows\System32\EhStorShell.dll
0x00007ff9a4f30000 - 0x00007ff9a4f56000 	C:\Windows\System32\EhStorAPI.dll
0x00007ff9e0df0000 - 0x00007ff9e0e03000 	C:\Windows\System32\WTSAPI32.dll
0x00007ff9bff10000 - 0x00007ff9bff1d000 	C:\Windows\SYSTEM32\LINKINFO.dll
0x00007ff9dcea0000 - 0x00007ff9dcec5000 	C:\Program Files (x86)\Samsung\Easy Printer Manager\SmartScreenPrint\CDAKEYMonitor64.dll
0x00007ff9cf0f0000 - 0x00007ff9cf140000 	C:\Windows\SYSTEM32\edputil.dll
0x00007ff9df100000 - 0x00007ff9df28c000 	C:\Windows\SYSTEM32\dbghelp.dll

VM Arguments:
java_command: C:\Users\miroslav.nikolov\Documents\GitHub\wr-platform-tests\apache-jmeter-3.2\bin\ApacheJMeter.jar
java_class_path (initial): C:\Users\miroslav.nikolov\Documents\GitHub\wr-platform-tests\apache-jmeter-3.2\bin\ApacheJMeter.jar
Launcher Type: SUN_STANDARD

Environment Variables:
PATH=C:\ProgramData\Oracle\Java\javapath;C:\Windows\system32;C:\Windows;C:\Windows\System32\Wbem;C:\Windows\System32\WindowsPowerShell\v1.0\;C:\Program Files (x86)\Windows Kits\8.1\Windows Performance Toolkit\;C:\Program Files\Microsoft SQL Server\110\Tools\Binn\;C:\Program Files\Microsoft SQL Server\110\DTS\Binn\;C:\Program Files (x86)\Microsoft SQL Server\110\Tools\Binn\;C:\Program Files (x86)\Microsoft SQL Server\110\Tools\Binn\ManagementStudio\;C:\Program Files (x86)\Microsoft Visual Studio 10.0\Common7\IDE\PrivateAssemblies\;C:\Program Files (x86)\Microsoft SQL Server\110\DTS\Binn\;C:\Program Files (x86)\Microsoft Team Foundation Server 2013 Power Tools\;C:\Program Files (x86)\Microsoft Team Foundation Server 2013 Power Tools\Best Practices Analyzer\;C:\Program Files (x86)\Skype\Phone\;C:\Program Files\nodejs\;C:\Program Files\Microsoft SQL Server\130\Tools\Binn\;C:\Program Files\dotnet\;C:\Program Files\Git\cmd;C:\Users\miroslav.nikolov\AppData\Roaming\npm;C:\Users\miroslav.nikolov\AppData\Local\Programs\Fiddler;C:\Users\miroslav.nikolov\AppData\Local\GitHubDesktop\bin
USERNAME=mnikolov
OS=Windows_NT
PROCESSOR_IDENTIFIER=Intel64 Family 6 Model 58 Stepping 9, GenuineIntel



---------------  S Y S T E M  ---------------

OS: Windows 10.0 , 64 bit Build 10586 (10.0.10586.589)

CPU:total 4 (initial active 4) (4 cores per cpu, 1 threads per core) family 6 model 58 stepping 9, cmov, cx8, fxsr, mmx, sse, sse2, sse3, ssse3, sse4.1, sse4.2, popcnt, avx, aes, clmul, erms, tsc, tscinvbit, tscinv

Memory: 4k page, physical 25053912k(10766684k free), swap 33446616k(11905636k free)

vm_info: Java HotSpot(TM) 64-Bit Server VM (25.151-b12) for windows-amd64 JRE (1.8.0_151-b12), built on Sep  5 2017 19:33:46 by "java_re" with MS VC++ 10.0 (VS2010)

time: Mon Feb 26 15:35:24 2018
elapsed time: 615984 seconds (7d 3h 6m 24s)

