#
# A fatal error has been detected by the Java Runtime Environment:
#
#  EXCEPTION_ACCESS_VIOLATION (0xc0000005) at pc=0x00000000531e01b4, pid=13744, tid=0x00000000000039ac
#
# JRE version: Java(TM) SE Runtime Environment (8.0_151-b12) (build 1.8.0_151-b12)
# Java VM: Java HotSpot(TM) 64-Bit Server VM (25.151-b12 mixed mode windows-amd64 compressed oops)
# Problematic frame:
# C  [awt.dll+0xd01b4]
#
# Failed to write core dump. Minidumps are not enabled by default on client versions of Windows
#
# If you would like to submit a bug report, please visit:
#   http://bugreport.java.com/bugreport/crash.jsp
# The crash happened outside the Java Virtual Machine in native code.
# See problematic frame for where to report the bug.
#

---------------  T H R E A D  ---------------

Current thread (0x00000000237a8000):  JavaThread "AWT-EventQueue-0" [_thread_in_native, id=14764, stack(0x0000000025f50000,0x0000000026050000)]

siginfo: ExceptionCode=0xc0000005, reading address 0x0000000000000008

Registers:
RAX=0x000000000000000d, RBX=0x00000000237a81f8, RCX=0x0000000000000000, RDX=0x0000000016014064
RSP=0x000000002604c428, RBP=0x00000000237a81f8, RSI=0x0000000026d63020, RDI=0x000000002353f7c0
R8 =0x000000002604c3e8, R9 =0x0000000000000000, R10=0x0000000000000000, R11=0x0000000000000246
R12=0x0000000016014064, R13=0x0000000000000000, R14=0x0000000000000000, R15=0x00000000237a8000
RIP=0x00000000531e01b4, EFLAGS=0x0000000000010202

Top of Stack: (sp=0x000000002604c428)
0x000000002604c428:   0000000053147651 0000000000000000
0x000000002604c438:   00000000237a81f8 00000000257f0d00
0x000000002604c448:   00000000257f0d00 0000000000000000
0x000000002604c458:   0000000026d63020 000000002604cae8
0x000000002604c468:   000000005317bf9d 00000000237a81f8
0x000000002604c478:   0000000000000000 000000002604c501
0x000000002604c488:   00000000c8343a81 0000000029a09150
0x000000002604c498:   0000000053143e92 000000002604cae8
0x000000002604c4a8:   000000002604c5a0 00000000237a81f8
0x000000002604c4b8:   0000000004a50724 000000064274a0e0
0x000000002604c4c8:   0000000741387f60 0000000741387f80
0x000000002604c4d8:   000000000000003d 000000074138b410
0x000000002604c4e8:   0000000643535f88 0000000000000001
0x000000002604c4f8:   0000000000000000 0000039c00000020
0x000000002604c508:   0000039c0000001f 00000006437986b0
0x000000002604c518:   000000002604caf0 00000000237a81f8 

Instructions: (pc=0x00000000531e01b4)
0x00000000531e0194:   41 5e 41 5d 41 5c 5f c3 48 8b 41 08 48 05 00 04
0x00000000531e01a4:   00 00 c3 cc 48 8b 41 08 48 8b 80 18 0c 00 00 c3
0x00000000531e01b4:   48 8b 49 08 48 85 c9 74 05 e9 e2 a9 fe ff 33 c0
0x00000000531e01c4:   c3 cc cc cc 48 83 ec 28 48 8b 49 08 48 85 c9 74 


Register to memory mapping:

RAX=0x000000000000000d is an unknown value
RBX=0x00000000237a81f8 is an unknown value
RCX=0x0000000000000000 is an unknown value
RDX=0x0000000016014064 is an unknown value
RSP=0x000000002604c428 is pointing into the stack for thread: 0x00000000237a8000
RBP=0x00000000237a81f8 is an unknown value
RSI=0x0000000026d63020 is an unknown value
RDI=0x000000002353f7c0 is an unknown value
R8 =0x000000002604c3e8 is pointing into the stack for thread: 0x00000000237a8000
R9 =0x0000000000000000 is an unknown value
R10=0x0000000000000000 is an unknown value
R11=0x0000000000000246 is an unknown value
R12=0x0000000016014064 is an unknown value
R13=0x0000000000000000 is an unknown value
R14=0x0000000000000000 is an unknown value
R15=0x00000000237a8000 is a thread


Stack: [0x0000000025f50000,0x0000000026050000],  sp=0x000000002604c428,  free space=1009k
Native frames: (J=compiled Java code, j=interpreted, Vv=VM code, C=native code)
C  [awt.dll+0xd01b4]

Java frames: (J=compiled Java code, j=interpreted, Vv=VM code)
J 8724  sun.java2d.windows.GDIBlitLoops.nativeBlit(Lsun/java2d/SurfaceData;Lsun/java2d/SurfaceData;Lsun/java2d/pipe/Region;IIIIIIIIIZ)V (0 bytes) @ 0x00000000040055ec [0x0000000004005500+0xec]
J 12960 C2 sun.java2d.windows.GDIBlitLoops.Blit(Lsun/java2d/SurfaceData;Lsun/java2d/SurfaceData;Ljava/awt/Composite;Lsun/java2d/pipe/Region;IIIIII)V (37 bytes) @ 0x0000000002ae8d88 [0x0000000002ae8ce0+0xa8]
J 8670 C2 sun.java2d.pipe.DrawImage.copyImage(Lsun/java2d/SunGraphics2D;Ljava/awt/Image;IILjava/awt/Color;Ljava/awt/image/ImageObserver;)Z (60 bytes) @ 0x0000000003ff39d8 [0x0000000003ff2dc0+0xc18]
J 8669 C2 sun.java2d.SunGraphics2D.drawImage(Ljava/awt/Image;IILjava/awt/Color;Ljava/awt/image/ImageObserver;)Z (145 bytes) @ 0x0000000004008a2c [0x0000000004007920+0x110c]
J 9917 C2 sun.java2d.SunGraphics2D.drawImage(Ljava/awt/Image;IILjava/awt/image/ImageObserver;)Z (11 bytes) @ 0x00000000030f45d8 [0x00000000030f45a0+0x38]
J 8056 C1 javax.swing.RepaintManager$PaintManager.paintDoubleBuffered(Ljavax/swing/JComponent;Ljava/awt/Image;Ljava/awt/Graphics;IIII)V (294 bytes) @ 0x0000000003e55224 [0x0000000003e548e0+0x944]
J 7471 C1 javax.swing.RepaintManager$PaintManager.paint(Ljavax/swing/JComponent;Ljavax/swing/JComponent;Ljava/awt/Graphics;IIII)Z (189 bytes) @ 0x0000000002f86264 [0x0000000002f85580+0xce4]
J 7667 C1 javax.swing.RepaintManager.paint(Ljavax/swing/JComponent;Ljavax/swing/JComponent;Ljava/awt/Graphics;IIII)V (93 bytes) @ 0x0000000003d99844 [0x0000000003d99360+0x4e4]
J 12006 C2 javax.swing.JComponent.paint(Ljava/awt/Graphics;)V (409 bytes) @ 0x0000000004a50498 [0x0000000004a4fe20+0x678]
J 12573 C1 java.awt.GraphicsCallback$PaintCallback.run(Ljava/awt/Component;Ljava/awt/Graphics;)V (6 bytes) @ 0x000000000297c14c [0x000000000297c040+0x10c]
J 12339 C1 sun.awt.SunGraphicsCallback.runOneComponent(Ljava/awt/Component;Ljava/awt/Rectangle;Ljava/awt/Graphics;Ljava/awt/Shape;I)V (177 bytes) @ 0x0000000004be96b4 [0x0000000004be7d20+0x1994]
J 12818 C1 sun.awt.SunGraphicsCallback.runComponents([Ljava/awt/Component;Ljava/awt/Graphics;I)V (204 bytes) @ 0x000000000497a184 [0x0000000004978e60+0x1324]
J 12816 C1 java.awt.Container.paint(Ljava/awt/Graphics;)V (62 bytes) @ 0x000000000386f46c [0x000000000386e940+0xb2c]
J 15446 C1 java.awt.Window.paint(Ljava/awt/Graphics;)V (72 bytes) @ 0x0000000003ce9e4c [0x0000000003ce9060+0xdec]
J 13184 C2 javax.swing.RepaintManager$4.run()Ljava/lang/Object; (5 bytes) @ 0x0000000003ee0ee0 [0x0000000003ee08e0+0x600]
v  ~StubRoutines::call_stub
J 1122  java.security.AccessController.doPrivileged(Ljava/security/PrivilegedAction;Ljava/security/AccessControlContext;)Ljava/lang/Object; (0 bytes) @ 0x0000000002c55026 [0x0000000002c54fc0+0x66]
J 13395 C2 javax.swing.RepaintManager.paintDirtyRegions(Ljava/util/Map;)V (196 bytes) @ 0x0000000003aa6fa4 [0x0000000003aa6700+0x8a4]
J 13399 C2 javax.swing.RepaintManager$ProcessingRunnable.run()V (41 bytes) @ 0x00000000048230b4 [0x0000000004822a20+0x694]
J 7076 C2 java.awt.EventQueue$3.run()Ljava/lang/Void; (60 bytes) @ 0x0000000003cabca0 [0x0000000003cab420+0x880]
J 7072 C2 java.awt.EventQueue$3.run()Ljava/lang/Object; (5 bytes) @ 0x0000000003c90014 [0x0000000003c8ffe0+0x34]
v  ~StubRoutines::call_stub
J 1122  java.security.AccessController.doPrivileged(Ljava/security/PrivilegedAction;Ljava/security/AccessControlContext;)Ljava/lang/Object; (0 bytes) @ 0x0000000002c55026 [0x0000000002c54fc0+0x66]
J 13480 C2 java.awt.EventDispatchThread.pumpOneEventForFilters(I)V (295 bytes) @ 0x000000000396992c [0x00000000039694c0+0x46c]
J 11233% C2 java.awt.EventDispatchThread.pumpEventsForFilter(ILjava/awt/Conditional;Ljava/awt/EventFilter;)V (47 bytes) @ 0x000000000475a700 [0x000000000475a600+0x100]
j  java.awt.EventDispatchThread.pumpEventsForHierarchy(ILjava/awt/Conditional;Ljava/awt/Component;)V+11
j  java.awt.EventDispatchThread.pumpEvents(ILjava/awt/Conditional;)V+4
j  java.awt.EventDispatchThread.pumpEvents(Ljava/awt/Conditional;)V+3
j  java.awt.EventDispatchThread.run()V+9
v  ~StubRoutines::call_stub

---------------  P R O C E S S  ---------------

Java Threads: ( => current thread )
  0x00000000223ac800 JavaThread "Image Fetcher 1" daemon [_thread_blocked, id=24016, stack(0x000000003c7c0000,0x000000003c8c0000)]
  0x00000000223ab000 JavaThread "Image Fetcher 0" daemon [_thread_blocked, id=8200, stack(0x000000003c6c0000,0x000000003c7c0000)]
  0x00000000276a7000 JavaThread "Swing-Shell" daemon [_thread_blocked, id=6488, stack(0x000000002ba30000,0x000000002bb30000)]
  0x00000000276a5800 JavaThread "NanoOffset" daemon [_thread_blocked, id=15064, stack(0x000000002b390000,0x000000002b490000)]
  0x00000000276a4000 JavaThread "DestroyJavaVM" [_thread_blocked, id=14128, stack(0x0000000002610000,0x0000000002710000)]
  0x00000000276a4800 JavaThread "TimerQueue" daemon [_thread_blocked, id=2600, stack(0x000000002b090000,0x000000002b190000)]
=>0x00000000237a8000 JavaThread "AWT-EventQueue-0" [_thread_in_native, id=14764, stack(0x0000000025f50000,0x0000000026050000)]
  0x0000000023786800 JavaThread "AWT-Windows" daemon [_thread_in_native, id=5632, stack(0x0000000024ab0000,0x0000000024bb0000)]
  0x0000000023785800 JavaThread "AWT-Shutdown" [_thread_blocked, id=12016, stack(0x00000000249b0000,0x0000000024ab0000)]
  0x0000000023781000 JavaThread "Java2D Disposer" daemon [_thread_blocked, id=12544, stack(0x0000000024830000,0x0000000024930000)]
  0x000000002226e000 JavaThread "Service Thread" daemon [_thread_blocked, id=14940, stack(0x0000000022640000,0x0000000022740000)]
  0x0000000020901800 JavaThread "C1 CompilerThread2" daemon [_thread_blocked, id=15268, stack(0x0000000022140000,0x0000000022240000)]
  0x00000000208f2800 JavaThread "C2 CompilerThread1" daemon [_thread_blocked, id=15032, stack(0x0000000022040000,0x0000000022140000)]
  0x00000000208ee000 JavaThread "C2 CompilerThread0" daemon [_thread_blocked, id=15188, stack(0x0000000021f40000,0x0000000022040000)]
  0x00000000208ec800 JavaThread "Attach Listener" daemon [_thread_blocked, id=14756, stack(0x0000000021e40000,0x0000000021f40000)]
  0x00000000208eb000 JavaThread "Signal Dispatcher" daemon [_thread_blocked, id=15332, stack(0x0000000021d40000,0x0000000021e40000)]
  0x00000000208d9000 JavaThread "Finalizer" daemon [_thread_blocked, id=15984, stack(0x0000000021b60000,0x0000000021c60000)]
  0x0000000002851000 JavaThread "Reference Handler" daemon [_thread_blocked, id=7220, stack(0x0000000021a60000,0x0000000021b60000)]

Other Threads:
  0x00000000208b7000 VMThread [stack: 0x0000000021960000,0x0000000021a60000] [id=15220]
  0x0000000022274800 WatcherThread [stack: 0x0000000022740000,0x0000000022840000] [id=16120]

VM state:not at safepoint (normal execution)

VM Mutex/Monitor currently owned by a thread: None

Heap:
 PSYoungGen      total 162816K, used 27464K [0x0000000740900000, 0x000000074bd00000, 0x00000007c0000000)
  eden space 145920K, 8% used [0x0000000740900000,0x000000074156afb8,0x0000000749780000)
  from space 16896K, 87% used [0x0000000749780000,0x000000074a5e72e0,0x000000074a800000)
  to   space 18944K, 0% used [0x000000074aa80000,0x000000074aa80000,0x000000074bd00000)
 ParOldGen       total 337408K, used 106854K [0x0000000641a00000, 0x0000000656380000, 0x0000000740900000)
  object space 337408K, 31% used [0x0000000641a00000,0x0000000648259b70,0x0000000656380000)
 Metaspace       used 61167K, capacity 62432K, committed 62720K, reserved 1103872K
  class space    used 8518K, capacity 8849K, committed 8960K, reserved 1048576K

Card table byte_map: [0x0000000011c20000,0x0000000012820000] byte_map_base: 0x000000000ea13000

Marking Bits: (ParMarkBitMap*) 0x0000000053b7d850
 Begin Bits: [0x0000000013420000, 0x00000000193b8000)
 End Bits:   [0x00000000193b8000, 0x000000001f350000)

Polling page: 0x0000000000ce0000

CodeCache: size=245760Kb used=47371Kb max_used=47379Kb free=198388Kb
 bounds [0x0000000002860000, 0x0000000005710000, 0x0000000011860000]
 total_blobs=13064 nmethods=12326 adapters=646
 compilation: enabled

Compilation events (10 events):
Event: 613299.763 Thread 0x00000000208ee000 16152       4       javax.swing.text.PlainView::drawElement (399 bytes)
Event: 613299.763 Thread 0x0000000020901800 nmethod 16151 0x0000000002dbd890 code [0x0000000002dbda40, 0x0000000002dbe008]
Event: 613299.770 Thread 0x00000000208ee000 nmethod 16152 0x00000000056fe190 code [0x00000000056fe360, 0x00000000056fee38]
Event: 613299.775 Thread 0x00000000208f2800 nmethod 16150 0x0000000003fef690 code [0x0000000003fef840, 0x0000000003ff01b8]
Event: 615708.823 Thread 0x00000000208ee000 16153       4       sun.awt.image.BufImgSurfaceData::createDataIC (61 bytes)
Event: 615708.828 Thread 0x00000000208ee000 nmethod 16153 0x0000000003240410 code [0x0000000003240580, 0x00000000032408c8]
Event: 615713.054 Thread 0x0000000020901800 16154       3       javax.swing.text.PlainView::lineToRect (95 bytes)
Event: 615713.055 Thread 0x0000000020901800 nmethod 16154 0x0000000003fe6f90 code [0x0000000003fe7160, 0x0000000003fe78f8]
Event: 615735.140 Thread 0x0000000020901800 16155       3       javax.swing.plaf.basic.BasicSplitPaneDivider$DividerLayout::layoutContainer (430 bytes)
Event: 615735.144 Thread 0x0000000020901800 nmethod 16155 0x00000000056ffa50 code [0x00000000056ffd80, 0x0000000005701f78]

GC Heap History (10 events):
Event: 612203.021 GC heap before
{Heap before GC invocations=619 (full 6):
 PSYoungGen      total 163840K, used 87368K [0x0000000740900000, 0x000000074bc00000, 0x00000007c0000000)
  eden space 144384K, 58% used [0x0000000740900000,0x0000000745bda058,0x0000000749600000)
  from space 19456K, 12% used [0x000000074a900000,0x000000074ab78000,0x000000074bc00000)
  to   space 19456K, 0% used [0x0000000749600000,0x0000000749600000,0x000000074a900000)
 ParOldGen       total 337408K, used 90983K [0x0000000641a00000, 0x0000000656380000, 0x0000000740900000)
  object space 337408K, 26% used [0x0000000641a00000,0x00000006472d9f50,0x0000000656380000)
 Metaspace       used 61009K, capacity 62304K, committed 62720K, reserved 1103872K
  class space    used 8518K, capacity 8849K, committed 8960K, reserved 1048576K
Event: 612203.027 GC heap after
Heap after GC invocations=619 (full 6):
 PSYoungGen      total 163840K, used 4651K [0x0000000740900000, 0x000000074bb00000, 0x00000007c0000000)
  eden space 144384K, 0% used [0x0000000740900000,0x0000000740900000,0x0000000749600000)
  from space 19456K, 23% used [0x0000000749600000,0x0000000749a8af30,0x000000074a900000)
  to   space 18432K, 0% used [0x000000074a900000,0x000000074a900000,0x000000074bb00000)
 ParOldGen       total 337408K, used 90983K [0x0000000641a00000, 0x0000000656380000, 0x0000000740900000)
  object space 337408K, 26% used [0x0000000641a00000,0x00000006472d9f50,0x0000000656380000)
 Metaspace       used 61009K, capacity 62304K, committed 62720K, reserved 1103872K
  class space    used 8518K, capacity 8849K, committed 8960K, reserved 1048576K
}
Event: 612463.776 GC heap before
{Heap before GC invocations=620 (full 6):
 PSYoungGen      total 163840K, used 149035K [0x0000000740900000, 0x000000074bb00000, 0x00000007c0000000)
  eden space 144384K, 100% used [0x0000000740900000,0x0000000749600000,0x0000000749600000)
  from space 19456K, 23% used [0x0000000749600000,0x0000000749a8af30,0x000000074a900000)
  to   space 18432K, 0% used [0x000000074a900000,0x000000074a900000,0x000000074bb00000)
 ParOldGen       total 337408K, used 90983K [0x0000000641a00000, 0x0000000656380000, 0x0000000740900000)
  object space 337408K, 26% used [0x0000000641a00000,0x00000006472d9f50,0x0000000656380000)
 Metaspace       used 61149K, capacity 62432K, committed 62720K, reserved 1103872K
  class space    used 8518K, capacity 8849K, committed 8960K, reserved 1048576K
Event: 612463.784 GC heap after
Heap after GC invocations=620 (full 6):
 PSYoungGen      total 162816K, used 8722K [0x0000000740900000, 0x000000074ba00000, 0x00000007c0000000)
  eden space 145408K, 0% used [0x0000000740900000,0x0000000740900000,0x0000000749700000)
  from space 17408K, 50% used [0x000000074a900000,0x000000074b184a20,0x000000074ba00000)
  to   space 17920K, 0% used [0x0000000749700000,0x0000000749700000,0x000000074a880000)
 ParOldGen       total 337408K, used 90991K [0x0000000641a00000, 0x0000000656380000, 0x0000000740900000)
  object space 337408K, 26% used [0x0000000641a00000,0x00000006472dbf50,0x0000000656380000)
 Metaspace       used 61149K, capacity 62432K, committed 62720K, reserved 1103872K
  class space    used 8518K, capacity 8849K, committed 8960K, reserved 1048576K
}
Event: 612666.195 GC heap before
{Heap before GC invocations=621 (full 6):
 PSYoungGen      total 162816K, used 154130K [0x0000000740900000, 0x000000074ba00000, 0x00000007c0000000)
  eden space 145408K, 100% used [0x0000000740900000,0x0000000749700000,0x0000000749700000)
  from space 17408K, 50% used [0x000000074a900000,0x000000074b184a20,0x000000074ba00000)
  to   space 17920K, 0% used [0x0000000749700000,0x0000000749700000,0x000000074a880000)
 ParOldGen       total 337408K, used 90991K [0x0000000641a00000, 0x0000000656380000, 0x0000000740900000)
  object space 337408K, 26% used [0x0000000641a00000,0x00000006472dbf50,0x0000000656380000)
 Metaspace       used 61164K, capacity 62432K, committed 62720K, reserved 1103872K
  class space    used 8518K, capacity 8849K, committed 8960K, reserved 1048576K
Event: 612666.208 GC heap after
Heap after GC invocations=621 (full 6):
 PSYoungGen      total 163328K, used 9825K [0x0000000740900000, 0x000000074bb00000, 0x00000007c0000000)
  eden space 145408K, 0% used [0x0000000740900000,0x0000000740900000,0x0000000749700000)
  from space 17920K, 54% used [0x0000000749700000,0x000000074a0985a0,0x000000074a880000)
  to   space 17920K, 0% used [0x000000074a980000,0x000000074a980000,0x000000074bb00000)
 ParOldGen       total 337408K, used 90999K [0x0000000641a00000, 0x0000000656380000, 0x0000000740900000)
  object space 337408K, 26% used [0x0000000641a00000,0x00000006472ddf50,0x0000000656380000)
 Metaspace       used 61164K, capacity 62432K, committed 62720K, reserved 1103872K
  class space    used 8518K, capacity 8849K, committed 8960K, reserved 1048576K
}
Event: 614082.470 GC heap before
{Heap before GC invocations=622 (full 6):
 PSYoungGen      total 163328K, used 155233K [0x0000000740900000, 0x000000074bb00000, 0x00000007c0000000)
  eden space 145408K, 100% used [0x0000000740900000,0x0000000749700000,0x0000000749700000)
  from space 17920K, 54% used [0x0000000749700000,0x000000074a0985a0,0x000000074a880000)
  to   space 17920K, 0% used [0x000000074a980000,0x000000074a980000,0x000000074bb00000)
 ParOldGen       total 337408K, used 90999K [0x0000000641a00000, 0x0000000656380000, 0x0000000740900000)
  object space 337408K, 26% used [0x0000000641a00000,0x00000006472ddf50,0x0000000656380000)
 Metaspace       used 61166K, capacity 62432K, committed 62720K, reserved 1103872K
  class space    used 8518K, capacity 8849K, committed 8960K, reserved 1048576K
Event: 614082.475 GC heap after
Heap after GC invocations=622 (full 6):
 PSYoungGen      total 161280K, used 7127K [0x0000000740900000, 0x000000074b880000, 0x00000007c0000000)
  eden space 145920K, 0% used [0x0000000740900000,0x0000000740900000,0x0000000749780000)
  from space 15360K, 46% used [0x000000074a980000,0x000000074b075d60,0x000000074b880000)
  to   space 16896K, 0% used [0x0000000749780000,0x0000000749780000,0x000000074a800000)
 ParOldGen       total 337408K, used 90999K [0x0000000641a00000, 0x0000000656380000, 0x0000000740900000)
  object space 337408K, 26% used [0x0000000641a00000,0x00000006472ddf50,0x0000000656380000)
 Metaspace       used 61166K, capacity 62432K, committed 62720K, reserved 1103872K
  class space    used 8518K, capacity 8849K, committed 8960K, reserved 1048576K
}
Event: 615710.492 GC heap before
{Heap before GC invocations=623 (full 6):
 PSYoungGen      total 161280K, used 153047K [0x0000000740900000, 0x000000074b880000, 0x00000007c0000000)
  eden space 145920K, 100% used [0x0000000740900000,0x0000000749780000,0x0000000749780000)
  from space 15360K, 46% used [0x000000074a980000,0x000000074b075d60,0x000000074b880000)
  to   space 16896K, 0% used [0x0000000749780000,0x0000000749780000,0x000000074a800000)
 ParOldGen       total 337408K, used 90999K [0x0000000641a00000, 0x0000000656380000, 0x0000000740900000)
  object space 337408K, 26% used [0x0000000641a00000,0x00000006472ddf50,0x0000000656380000)
 Metaspace       used 61166K, capacity 62432K, committed 62720K, reserved 1103872K
  class space    used 8518K, capacity 8849K, committed 8960K, reserved 1048576K
Event: 615710.543 GC heap after
Heap after GC invocations=623 (full 6):
 PSYoungGen      total 162816K, used 14748K [0x0000000740900000, 0x000000074bd00000, 0x00000007c0000000)
  eden space 145920K, 0% used [0x0000000740900000,0x0000000740900000,0x0000000749780000)
  from space 16896K, 87% used [0x0000000749780000,0x000000074a5e72e0,0x000000074a800000)
  to   space 18944K, 0% used [0x000000074aa80000,0x000000074aa80000,0x000000074bd00000)
 ParOldGen       total 337408K, used 106854K [0x0000000641a00000, 0x0000000656380000, 0x0000000740900000)
  object space 337408K, 31% used [0x0000000641a00000,0x0000000648259b70,0x0000000656380000)
 Metaspace       used 61166K, capacity 62432K, committed 62720K, reserved 1103872K
  class space    used 8518K, capacity 8849K, committed 8960K, reserved 1048576K
}

Deoptimization events (10 events):
Event: 608332.231 Thread 0x00000000237a8000 Uncommon trap: reason=unstable_if action=reinterpret pc=0x000000000499ee1c method=javax.swing.tree.VariableHeightLayoutCache.treeNodesInserted(Ljavax/swing/event/TreeModelEvent;)V @ 61
Event: 608336.920 Thread 0x00000000237a8000 Uncommon trap: reason=unstable_if action=reinterpret pc=0x00000000043212d0 method=java.awt.KeyboardFocusManager.clearMostRecentFocusOwner(Ljava/awt/Component;)V @ 88
Event: 608504.708 Thread 0x00000000237a8000 Uncommon trap: reason=unstable_if action=reinterpret pc=0x0000000004864910 method=java.awt.LightweightDispatcher.eventDispatched(Ljava/awt/AWTEvent;)V @ 122
Event: 608504.708 Thread 0x00000000237a8000 Uncommon trap: reason=class_check action=maybe_recompile pc=0x000000000481ce44 method=java.awt.Component.getLocationOnScreen_NoTreeLock()Ljava/awt/Point; @ 33
Event: 608504.708 Thread 0x00000000237a8000 Uncommon trap: reason=class_check action=maybe_recompile pc=0x000000000481ce94 method=java.awt.Component.getLocationOnScreen_NoTreeLock()Ljava/awt/Point; @ 86
Event: 612326.603 Thread 0x00000000237a8000 Uncommon trap: reason=unstable_if action=reinterpret pc=0x0000000003754860 method=javax.swing.text.PlainView.lineToRect(Ljava/awt/Shape;I)Ljava/awt/Rectangle; @ 22
Event: 612361.427 Thread 0x00000000237a8000 Uncommon trap: reason=unstable_if action=reinterpret pc=0x0000000005481cb0 method=java.awt.Component.dispatchEventImpl(Ljava/awt/AWTEvent;)V @ 289
Event: 612862.738 Thread 0x00000000237a8000 Uncommon trap: reason=unstable_if action=reinterpret pc=0x00000000030e88bc method=javax.swing.text.WrappedPlainView$WrappedLine.breakLines(I)[I @ 154
Event: 612862.738 Thread 0x00000000237a8000 Uncommon trap: reason=class_check action=maybe_recompile pc=0x00000000037109a0 method=javax.swing.text.BoxView.layoutMajorAxis(II[I[I)V @ 113
Event: 612864.321 Thread 0x00000000237a8000 Uncommon trap: reason=class_check action=maybe_recompile pc=0x00000000037109a0 method=javax.swing.text.BoxView.layoutMajorAxis(II[I[I)V @ 113

Internal exceptions (10 events):
Event: 608330.377 Thread 0x00000000237a8000 Exception <a 'java/io/FileNotFoundException'> (0x0000000744905e28) thrown at [C:\re\workspace\8-2-build-windows-amd64-cygwin\jdk8u151\9699\hotspot\src\share\vm\prims\jni.cpp, line 709]
Event: 608333.260 Thread 0x00000000237a8000 Exception <a 'java/io/FileNotFoundException'> (0x0000000744ce7628) thrown at [C:\re\workspace\8-2-build-windows-amd64-cygwin\jdk8u151\9699\hotspot\src\share\vm\prims\jni.cpp, line 709]
Event: 608333.364 Thread 0x00000000237a8000 Exception <a 'java/io/FileNotFoundException'> (0x0000000744d2cb58) thrown at [C:\re\workspace\8-2-build-windows-amd64-cygwin\jdk8u151\9699\hotspot\src\share\vm\prims\jni.cpp, line 709]
Event: 608334.791 Thread 0x00000000237a8000 Exception <a 'java/io/FileNotFoundException'> (0x0000000744da29f0) thrown at [C:\re\workspace\8-2-build-windows-amd64-cygwin\jdk8u151\9699\hotspot\src\share\vm\prims\jni.cpp, line 709]
Event: 608336.922 Thread 0x00000000237a8000 Exception <a 'java/io/FileNotFoundException'> (0x0000000744e08dc0) thrown at [C:\re\workspace\8-2-build-windows-amd64-cygwin\jdk8u151\9699\hotspot\src\share\vm\prims\jni.cpp, line 709]
Event: 608340.806 Thread 0x00000000237a8000 Exception <a 'java/io/FileNotFoundException'> (0x0000000744e936f8) thrown at [C:\re\workspace\8-2-build-windows-amd64-cygwin\jdk8u151\9699\hotspot\src\share\vm\prims\jni.cpp, line 709]
Event: 608346.965 Thread 0x00000000237a8000 Exception <a 'java/io/FileNotFoundException'> (0x00000007450469b8) thrown at [C:\re\workspace\8-2-build-windows-amd64-cygwin\jdk8u151\9699\hotspot\src\share\vm\prims\jni.cpp, line 709]
Event: 608347.036 Thread 0x00000000237a8000 Exception <a 'java/io/FileNotFoundException'> (0x000000074508e020) thrown at [C:\re\workspace\8-2-build-windows-amd64-cygwin\jdk8u151\9699\hotspot\src\share\vm\prims\jni.cpp, line 709]
Event: 608347.316 Thread 0x00000000237a8000 Exception <a 'java/io/FileNotFoundException'> (0x0000000745113958) thrown at [C:\re\workspace\8-2-build-windows-amd64-cygwin\jdk8u151\9699\hotspot\src\share\vm\prims\jni.cpp, line 709]
Event: 608347.404 Thread 0x00000000237a8000 Exception <a 'java/io/FileNotFoundException'> (0x0000000745158e78) thrown at [C:\re\workspace\8-2-build-windows-amd64-cygwin\jdk8u151\9699\hotspot\src\share\vm\prims\jni.cpp, line 709]

Events (10 events):
Event: 615710.492 Executing VM operation: ParallelGCFailedAllocation
Event: 615710.543 Executing VM operation: ParallelGCFailedAllocation done
Event: 615718.333 Executing VM operation: RevokeBias
Event: 615718.333 Executing VM operation: RevokeBias done
Event: 615718.333 Thread 0x00000000223a7800 Thread exited: 0x00000000223a7800
Event: 615718.333 Thread 0x00000000223ab000 Thread exited: 0x00000000223ab000
Event: 615735.145 Thread 0x0000000020901800 flushing nmethod 0x0000000002bbd8d0
Event: 615735.145 Thread 0x0000000020901800 flushing nmethod 0x0000000002bc1250
Event: 615735.180 Thread 0x00000000223ab000 Thread added: 0x00000000223ab000
Event: 615735.300 Thread 0x00000000223ac800 Thread added: 0x00000000223ac800


Dynamic libraries:
0x00007ff743480000 - 0x00007ff7434b7000 	C:\Program Files\Java\jre1.8.0_151\bin\javaw.exe
0x00007ff9e61a0000 - 0x00007ff9e6361000 	C:\Windows\SYSTEM32\ntdll.dll
0x00007ff9e5fe0000 - 0x00007ff9e608d000 	C:\Windows\system32\KERNEL32.DLL
0x00007ff9e2a20000 - 0x00007ff9e2c08000 	C:\Windows\system32\KERNELBASE.dll
0x00007ff9e3de0000 - 0x00007ff9e3e87000 	C:\Windows\system32\ADVAPI32.dll
0x00007ff9e4650000 - 0x00007ff9e46ed000 	C:\Windows\system32\msvcrt.dll
0x00007ff9e35a0000 - 0x00007ff9e35fb000 	C:\Windows\system32\sechost.dll
0x00007ff9e4240000 - 0x00007ff9e435d000 	C:\Windows\system32\RPCRT4.dll
0x00007ff9e4470000 - 0x00007ff9e45c6000 	C:\Windows\system32\USER32.dll
0x00007ff9e37c0000 - 0x00007ff9e3947000 	C:\Windows\system32\GDI32.dll
0x00007ff9d6cb0000 - 0x00007ff9d6f24000 	C:\Windows\WinSxS\amd64_microsoft.windows.common-controls_6595b64144ccf1df_6.0.10586.839_none_a2ddba30a539a2ae\COMCTL32.dll
0x00007ff9e3e90000 - 0x00007ff9e410e000 	C:\Windows\system32\combase.dll
0x00007ff9e2c10000 - 0x00007ff9e2c7a000 	C:\Windows\system32\bcryptPrimitives.dll
0x00007ff9e60a0000 - 0x00007ff9e60db000 	C:\Windows\system32\IMM32.DLL
0x0000000053c00000 - 0x0000000053cd2000 	C:\Program Files\Java\jre1.8.0_151\bin\msvcr100.dll
0x0000000053360000 - 0x0000000053bfd000 	C:\Program Files\Java\jre1.8.0_151\bin\server\jvm.dll
0x00007ff9e3600000 - 0x00007ff9e3608000 	C:\Windows\system32\PSAPI.DLL
0x00007ff9d9040000 - 0x00007ff9d9049000 	C:\Windows\SYSTEM32\WSOCK32.dll
0x00007ff9e1030000 - 0x00007ff9e1053000 	C:\Windows\SYSTEM32\WINMM.dll
0x00007ff9d9560000 - 0x00007ff9d956a000 	C:\Windows\SYSTEM32\VERSION.dll
0x00007ff9e46f0000 - 0x00007ff9e475b000 	C:\Windows\system32\WS2_32.dll
0x0000000000d10000 - 0x0000000000d3c000 	C:\Windows\SYSTEM32\WINMMBASE.dll
0x00007ff9e3480000 - 0x00007ff9e34c3000 	C:\Windows\system32\cfgmgr32.dll
0x0000000053350000 - 0x000000005335f000 	C:\Program Files\Java\jre1.8.0_151\bin\verify.dll
0x0000000053320000 - 0x0000000053349000 	C:\Program Files\Java\jre1.8.0_151\bin\java.dll
0x0000000053300000 - 0x0000000053316000 	C:\Program Files\Java\jre1.8.0_151\bin\zip.dll
0x00007ff9e48b0000 - 0x00007ff9e5e0c000 	C:\Windows\system32\SHELL32.dll
0x00007ff9e2e30000 - 0x00007ff9e3475000 	C:\Windows\system32\windows.storage.dll
0x00007ff9e3950000 - 0x00007ff9e39a2000 	C:\Windows\system32\shlwapi.dll
0x00007ff9e2810000 - 0x00007ff9e281f000 	C:\Windows\system32\kernel.appcore.dll
0x00007ff9e2d10000 - 0x00007ff9e2dc5000 	C:\Windows\system32\shcore.dll
0x00007ff9e27c0000 - 0x00007ff9e280b000 	C:\Windows\system32\powrprof.dll
0x00007ff9e2830000 - 0x00007ff9e2844000 	C:\Windows\system32\profapi.dll
0x00000000532f0000 - 0x00000000532fd000 	C:\Program Files\Java\jre1.8.0_151\bin\management.dll
0x00000000532d0000 - 0x00000000532ea000 	C:\Program Files\Java\jre1.8.0_151\bin\net.dll
0x00007ff9e2090000 - 0x00007ff9e20ec000 	C:\Windows\system32\mswsock.dll
0x00007ff9c8590000 - 0x00007ff9c85a6000 	C:\Windows\system32\napinsp.dll
0x00007ff9c85b0000 - 0x00007ff9c85ca000 	C:\Windows\system32\pnrpnsp.dll
0x00007ff9df450000 - 0x00007ff9df468000 	C:\Windows\system32\NLAapi.dll
0x00007ff9e12a0000 - 0x00007ff9e134a000 	C:\Windows\SYSTEM32\DNSAPI.dll
0x00007ff9e60e0000 - 0x00007ff9e60e8000 	C:\Windows\system32\NSI.dll
0x00007ff9c85d0000 - 0x00007ff9c85dd000 	C:\Windows\System32\winrnr.dll
0x00007ff9dc710000 - 0x00007ff9dc71a000 	C:\Windows\System32\rasadhlp.dll
0x00007ff9dfea0000 - 0x00007ff9dfed8000 	C:\Windows\SYSTEM32\IPHLPAPI.DLL
0x00007ff9def20000 - 0x00007ff9def87000 	C:\Windows\System32\fwpuclnt.dll
0x00007ff9e26f0000 - 0x00007ff9e2719000 	C:\Windows\SYSTEM32\bcrypt.dll
0x00000000532b0000 - 0x00000000532c1000 	C:\Program Files\Java\jre1.8.0_151\bin\nio.dll
0x0000000053110000 - 0x00000000532a8000 	C:\Program Files\Java\jre1.8.0_151\bin\awt.dll
0x00007ff9e4110000 - 0x00007ff9e41d6000 	C:\Windows\system32\OLEAUT32.dll
0x00007ff9e0e10000 - 0x00007ff9e0e89000 	C:\Windows\system32\apphelp.dll
0x00007ff9e07a0000 - 0x00007ff9e07c2000 	C:\Windows\system32\DWMAPI.DLL
0x00007ff9e1200000 - 0x00007ff9e1296000 	C:\Windows\system32\uxtheme.dll
0x00007ff9bf990000 - 0x00007ff9bfab9000 	C:\Windows\system32\opengl32.dll
0x00007ff9bf820000 - 0x00007ff9bf91a000 	C:\Windows\SYSTEM32\DDRAW.dll
0x00007ff9bf920000 - 0x00007ff9bf94e000 	C:\Windows\SYSTEM32\GLU32.dll
0x00007ff9db560000 - 0x00007ff9db568000 	C:\Windows\SYSTEM32\DCIMAN32.dll
0x00007ff9e5e80000 - 0x00007ff9e5fda000 	C:\Windows\system32\MSCTF.dll
0x00007ff9e4760000 - 0x00007ff9e48a3000 	C:\Windows\system32\ole32.dll
0x00000000530c0000 - 0x0000000053107000 	C:\Program Files\Java\jre1.8.0_151\bin\fontmanager.dll
0x0000000053070000 - 0x00000000530b2000 	C:\Program Files\Java\jre1.8.0_151\bin\t2k.dll
0x0000000053040000 - 0x000000005306a000 	C:\Program Files\Java\jre1.8.0_151\bin\dcpr.dll
0x00007ff9e60f0000 - 0x00007ff9e6197000 	C:\Windows\system32\clbcatq.dll
0x00007ff9df290000 - 0x00007ff9df441000 	C:\Windows\SYSTEM32\WindowsCodecs.dll
0x00007ff9bf460000 - 0x00007ff9bf4aa000 	C:\Windows\system32\dataexchange.dll
0x00007ff9e0400000 - 0x00007ff9e06a8000 	C:\Windows\system32\d3d11.dll
0x00007ff9e0b70000 - 0x00007ff9e0c53000 	C:\Windows\system32\dcomp.dll
0x00007ff9dff10000 - 0x00007ff9dffb2000 	C:\Windows\system32\dxgi.dll
0x00007ff9e13a0000 - 0x00007ff9e14a0000 	C:\Windows\system32\twinapi.appcore.dll
0x00007ff9dec00000 - 0x00007ff9dec16000 	C:\Windows\SYSTEM32\dhcpcsvc6.DLL
0x00007ff9dd9f0000 - 0x00007ff9dda0a000 	C:\Windows\SYSTEM32\dhcpcsvc.DLL
0x0000000053010000 - 0x0000000053034000 	C:\Program Files\Java\jre1.8.0_151\bin\sunec.dll
0x00007ff9e2140000 - 0x00007ff9e2157000 	C:\Windows\SYSTEM32\CRYPTSP.dll
0x00007ff9e1dd0000 - 0x00007ff9e1e04000 	C:\Windows\system32\rsaenh.dll
0x00007ff9e1f20000 - 0x00007ff9e1f3f000 	C:\Windows\SYSTEM32\USERENV.dll
0x00007ff9e2260000 - 0x00007ff9e226b000 	C:\Windows\SYSTEM32\CRYPTBASE.dll
0x0000000053000000 - 0x000000005300b000 	C:\Program Files\Java\jre1.8.0_151\bin\sunmscapi.dll
0x00007ff9e2850000 - 0x00007ff9e2a18000 	C:\Windows\system32\CRYPT32.dll
0x00007ff9e2820000 - 0x00007ff9e2830000 	C:\Windows\system32\MSASN1.dll
0x00007ff9d8c40000 - 0x00007ff9d8cea000 	C:\Windows\WinSxS\amd64_microsoft.windows.common-controls_6595b64144ccf1df_5.82.10586.0_none_396e892957c7fb25\comctl32.dll
0x00007ff9dfb80000 - 0x00007ff9dfd06000 	C:\Windows\SYSTEM32\PROPSYS.dll
0x00007ff9c3440000 - 0x00007ff9c38d3000 	C:\Windows\System32\ActXPrxy.dll
0x00007ff9a5190000 - 0x00007ff9a52b7000 	C:\Windows\system32\NetworkExplorer.dll
0x00007ff9dadd0000 - 0x00007ff9dadeb000 	C:\Windows\SYSTEM32\MPR.dll
0x00007ff9c33b0000 - 0x00007ff9c33bb000 	C:\Windows\System32\drprov.dll
0x00007ff9e2440000 - 0x00007ff9e2496000 	C:\Windows\System32\WINSTA.dll
0x00007ff9c22c0000 - 0x00007ff9c22d6000 	C:\Windows\System32\ntlanman.dll
0x00007ff9c22a0000 - 0x00007ff9c22c0000 	C:\Windows\System32\davclnt.dll
0x00007ff9d8c30000 - 0x00007ff9d8c3c000 	C:\Windows\System32\DAVHLPR.dll
0x00007ff9dda60000 - 0x00007ff9dda76000 	C:\Windows\System32\wkscli.dll
0x00007ff9cefb0000 - 0x00007ff9cefc2000 	C:\Windows\SYSTEM32\cscapi.dll
0x00007ff9e1cd0000 - 0x00007ff9e1cdc000 	C:\Windows\System32\netutils.dll
0x00007ff9a5360000 - 0x00007ff9a53df000 	C:\Windows\System32\dlnashext.dll
0x00007ff9a52c0000 - 0x00007ff9a52df000 	C:\Windows\System32\DevDispItemProvider.dll
0x00007ff9e1350000 - 0x00007ff9e1377000 	C:\Windows\System32\DEVOBJ.dll
0x00007ff9a4f60000 - 0x00007ff9a5163000 	C:\Windows\system32\wpdshext.dll
0x00007ff9d8e40000 - 0x00007ff9d8fe8000 	C:\Windows\WinSxS\amd64_microsoft.windows.gdiplus_6595b64144ccf1df_1.1.10586.1106_none_9396e55ea8022558\gdiplus.dll
0x00007ff9e06f0000 - 0x00007ff9e0791000 	C:\Windows\System32\PortableDeviceApi.dll
0x00007ff9e39b0000 - 0x00007ff9e3dd9000 	C:\Windows\system32\SETUPAPI.dll
0x00007ff9e2dd0000 - 0x00007ff9e2e25000 	C:\Windows\system32\WINTRUST.dll
0x00007ff9bc720000 - 0x00007ff9bc757000 	C:\Windows\System32\EhStorShell.dll
0x00007ff9a4f30000 - 0x00007ff9a4f56000 	C:\Windows\System32\EhStorAPI.dll
0x00007ff9e0df0000 - 0x00007ff9e0e03000 	C:\Windows\System32\WTSAPI32.dll
0x00007ff9bff10000 - 0x00007ff9bff1d000 	C:\Windows\SYSTEM32\LINKINFO.dll
0x00007ff9dcea0000 - 0x00007ff9dcec5000 	C:\Program Files (x86)\Samsung\Easy Printer Manager\SmartScreenPrint\CDAKEYMonitor64.dll
0x00007ff9cf0f0000 - 0x00007ff9cf140000 	C:\Windows\SYSTEM32\edputil.dll
0x00007ff9df100000 - 0x00007ff9df28c000 	C:\Windows\SYSTEM32\dbghelp.dll

VM Arguments:
java_command: C:\Users\miroslav.nikolov\Documents\GitHub\wr-platform-tests\apache-jmeter-3.2\bin\ApacheJMeter.jar
java_class_path (initial): C:\Users\miroslav.nikolov\Documents\GitHub\wr-platform-tests\apache-jmeter-3.2\bin\ApacheJMeter.jar
Launcher Type: SUN_STANDARD

Environment Variables:
PATH=C:\ProgramData\Oracle\Java\javapath;C:\Windows\system32;C:\Windows;C:\Windows\System32\Wbem;C:\Windows\System32\WindowsPowerShell\v1.0\;C:\Program Files (x86)\Windows Kits\8.1\Windows Performance Toolkit\;C:\Program Files\Microsoft SQL Server\110\Tools\Binn\;C:\Program Files\Microsoft SQL Server\110\DTS\Binn\;C:\Program Files (x86)\Microsoft SQL Server\110\Tools\Binn\;C:\Program Files (x86)\Microsoft SQL Server\110\Tools\Binn\ManagementStudio\;C:\Program Files (x86)\Microsoft Visual Studio 10.0\Common7\IDE\PrivateAssemblies\;C:\Program Files (x86)\Microsoft SQL Server\110\DTS\Binn\;C:\Program Files (x86)\Microsoft Team Foundation Server 2013 Power Tools\;C:\Program Files (x86)\Microsoft Team Foundation Server 2013 Power Tools\Best Practices Analyzer\;C:\Program Files (x86)\Skype\Phone\;C:\Program Files\nodejs\;C:\Program Files\Microsoft SQL Server\130\Tools\Binn\;C:\Program Files\dotnet\;C:\Program Files\Git\cmd;C:\Users\miroslav.nikolov\AppData\Roaming\npm;C:\Users\miroslav.nikolov\AppData\Local\Programs\Fiddler;C:\Users\miroslav.nikolov\AppData\Local\GitHubDesktop\bin
USERNAME=mnikolov
OS=Windows_NT
PROCESSOR_IDENTIFIER=Intel64 Family 6 Model 58 Stepping 9, GenuineIntel



---------------  S Y S T E M  ---------------

OS: Windows 10.0 , 64 bit Build 10586 (10.0.10586.589)

CPU:total 4 (initial active 4) (4 cores per cpu, 1 threads per core) family 6 model 58 stepping 9, cmov, cx8, fxsr, mmx, sse, sse2, sse3, ssse3, sse4.1, sse4.2, popcnt, avx, aes, clmul, erms, tsc, tscinvbit, tscinv

Memory: 4k page, physical 25053912k(10549300k free), swap 33446616k(11894220k free)

vm_info: Java HotSpot(TM) 64-Bit Server VM (25.151-b12) for windows-amd64 JRE (1.8.0_151-b12), built on Sep  5 2017 19:33:46 by "java_re" with MS VC++ 10.0 (VS2010)

time: Mon Feb 26 15:35:23 2018
elapsed time: 615735 seconds (7d 3h 2m 15s)

