2018-05-08 13:59:31,615 INFO o.a.j.u.JMeterUtils: Setting Locale to en_US
2018-05-08 13:59:31,634 INFO o.a.j.JMeter: Loading user properties from: user.properties
2018-05-08 13:59:31,636 INFO o.a.j.JMeter: Loading system properties from: system.properties
2018-05-08 13:59:31,644 INFO o.a.j.JMeter: Copyright (c) 1998-2017 The Apache Software Foundation
2018-05-08 13:59:31,644 INFO o.a.j.JMeter: Version 3.2 r1790748
2018-05-08 13:59:31,644 INFO o.a.j.JMeter: java.version=1.8.0_161
2018-05-08 13:59:31,645 INFO o.a.j.JMeter: java.vm.name=Java HotSpot(TM) 64-Bit Server VM
2018-05-08 13:59:31,645 INFO o.a.j.JMeter: os.name=Windows 10
2018-05-08 13:59:31,645 INFO o.a.j.JMeter: os.arch=amd64
2018-05-08 13:59:31,645 INFO o.a.j.JMeter: os.version=10.0
2018-05-08 13:59:31,645 INFO o.a.j.JMeter: file.encoding=Cp1252
2018-05-08 13:59:31,645 INFO o.a.j.JMeter: Max memory     =3786407936
2018-05-08 13:59:31,645 INFO o.a.j.JMeter: Available Processors =4
2018-05-08 13:59:31,651 INFO o.a.j.JMeter: Default Locale=English (United States)
2018-05-08 13:59:31,651 INFO o.a.j.JMeter: JMeter  Locale=English (United States)
2018-05-08 13:59:31,651 INFO o.a.j.JMeter: JMeterHome=C:\Users\zstoychev\Desktop\jemrepo\jmeter_TeamC\apache-jmeter-3.2
2018-05-08 13:59:31,651 INFO o.a.j.JMeter: user.dir  =C:\Users\zstoychev\Desktop\jemrepo\jmeter_TeamC\apache-jmeter-3.2\bin
2018-05-08 13:59:31,652 INFO o.a.j.JMeter: PWD       =C:\Users\zstoychev\Desktop\jemrepo\jmeter_TeamC\apache-jmeter-3.2\bin
2018-05-08 13:59:31,653 INFO o.a.j.JMeter: IP: 172.18.56.17 Name: EN719028 FullName: EN719028.endava.net
2018-05-08 13:59:31,866 INFO o.a.j.g.a.LookAndFeelCommand: Using look and feel: javax.swing.plaf.metal.MetalLookAndFeel [Metal, CrossPlatform]
2018-05-08 13:59:31,871 INFO o.a.j.JMeter: Loaded icon properties from org/apache/jmeter/images/icon.properties
2018-05-08 13:59:33,268 INFO o.a.j.e.u.CompoundVariable: Note: Function class names must contain the string: '.functions.'
2018-05-08 13:59:33,268 INFO o.a.j.e.u.CompoundVariable: Note: Function class names must not contain the string: '.gui.'
2018-05-08 13:59:34,324 WARN o.j.r.PluginManager: Found JAR conflict: C:\Users\zstoychev\Desktop\jemrepo\jmeter_TeamC\apache-jmeter-3.2\lib\asm-5.2.jar and C:\Users\zstoychev\Desktop\jemrepo\jmeter_TeamC\apache-jmeter-3.2\lib\asm-5.0.3.jar
2018-05-08 13:59:34,325 WARN o.j.r.PluginManager: Found JAR conflict: C:\Users\zstoychev\Desktop\jemrepo\jmeter_TeamC\apache-jmeter-3.2\lib\json-path-2.2.0.jar and C:\Users\zstoychev\Desktop\jemrepo\jmeter_TeamC\apache-jmeter-3.2\lib\json-path-2.1.0.jar
2018-05-08 13:59:34,326 WARN o.j.r.PluginManager: Found JAR conflict: C:\Users\zstoychev\Desktop\jemrepo\jmeter_TeamC\apache-jmeter-3.2\lib\json-smart-2.3.jar and C:\Users\zstoychev\Desktop\jemrepo\jmeter_TeamC\apache-jmeter-3.2\lib\json-smart-2.2.jar
2018-05-08 13:59:34,326 WARN o.j.r.PluginManager: Found JAR conflict: C:\Users\zstoychev\Desktop\jemrepo\jmeter_TeamC\apache-jmeter-3.2\lib\ext\jmeter-debugger-0.6.jar and C:\Users\zstoychev\Desktop\jemrepo\jmeter_TeamC\apache-jmeter-3.2\lib\ext\jmeter-debugger-0.3.jar
2018-05-08 13:59:34,326 WARN o.j.r.PluginManager: Found JAR conflict: C:\Users\zstoychev\Desktop\jemrepo\jmeter_TeamC\apache-jmeter-3.2\lib\ext\jmeter-plugins-casutg-2.4.jar and C:\Users\zstoychev\Desktop\jemrepo\jmeter_TeamC\apache-jmeter-3.2\lib\ext\jmeter-plugins-casutg-2.1.jar
2018-05-08 13:59:34,327 WARN o.j.r.PluginManager: Found JAR conflict: C:\Users\zstoychev\Desktop\jemrepo\jmeter_TeamC\apache-jmeter-3.2\lib\ext\jmeter-plugins-manager-0.16.jar and C:\Users\zstoychev\Desktop\jemrepo\jmeter_TeamC\apache-jmeter-3.2\lib\ext\jmeter-plugins-manager-0.13.jar
2018-05-08 13:59:34,327 WARN o.j.r.PluginManager: Found JAR conflict: C:\Users\zstoychev\Desktop\jemrepo\jmeter_TeamC\apache-jmeter-3.2\lib\ext\jmeter-plugins-senseuploader-3.3.jar and C:\Users\zstoychev\Desktop\jemrepo\jmeter_TeamC\apache-jmeter-3.2\lib\ext\jmeter-plugins-senseuploader-2.4.jar
2018-05-08 13:59:34,327 WARN o.j.r.PluginManager: Found JAR conflict: C:\Users\zstoychev\Desktop\jemrepo\jmeter_TeamC\apache-jmeter-3.2\lib\ext\jmeter-plugins-tst-2.1.jar and C:\Users\zstoychev\Desktop\jemrepo\jmeter_TeamC\apache-jmeter-3.2\lib\ext\jmeter-plugins-tst-2.0.jar
2018-05-08 13:59:34,327 WARN o.j.r.PluginManager: Found JAR conflict: C:\Users\zstoychev\Desktop\jemrepo\jmeter_TeamC\apache-jmeter-3.2\lib\ext\jmeter-wssecurity-1.3.jar and C:\Users\zstoychev\Desktop\jemrepo\jmeter_TeamC\apache-jmeter-3.2\lib\ext\jmeter-wssecurity-1.2.jar
2018-05-08 13:59:34,327 WARN o.j.r.PluginManager: Found JAR conflict: C:\Users\zstoychev\Desktop\jemrepo\jmeter_TeamC\apache-jmeter-3.2\lib\ext\JMeterWebSocketSamplers-0.8.jar and C:\Users\zstoychev\Desktop\jemrepo\jmeter_TeamC\apache-jmeter-3.2\lib\ext\JMeterWebSocketSamplers-0.11.1.jar
2018-05-08 13:59:37,940 WARN o.j.r.Plugin: Unable to load class: com.atlantbh.jmeter.plugins.oauth.OAuthSampler
java.lang.NoClassDefFoundError: org/apache/jmeter/protocol/http/sampler/HTTPSampler2
	at java.lang.ClassLoader.defineClass1(Native Method) ~[?:1.8.0_161]
	at java.lang.ClassLoader.defineClass(Unknown Source) ~[?:1.8.0_161]
	at java.security.SecureClassLoader.defineClass(Unknown Source) ~[?:1.8.0_161]
	at java.net.URLClassLoader.defineClass(Unknown Source) ~[?:1.8.0_161]
	at java.net.URLClassLoader.access$100(Unknown Source) ~[?:1.8.0_161]
	at java.net.URLClassLoader$1.run(Unknown Source) ~[?:1.8.0_161]
	at java.net.URLClassLoader$1.run(Unknown Source) ~[?:1.8.0_161]
	at java.security.AccessController.doPrivileged(Native Method) ~[?:1.8.0_161]
	at java.net.URLClassLoader.findClass(Unknown Source) ~[?:1.8.0_161]
	at java.lang.ClassLoader.loadClass(Unknown Source) ~[?:1.8.0_161]
	at java.lang.ClassLoader.loadClass(Unknown Source) ~[?:1.8.0_161]
	at org.jmeterplugins.repository.Plugin.getJARPath(Plugin.java:181) [jmeter-plugins-manager-0.13.jar:?]
	at org.jmeterplugins.repository.Plugin.detectInstalledPlugin(Plugin.java:95) [jmeter-plugins-manager-0.13.jar:?]
	at org.jmeterplugins.repository.Plugin.detectInstalled(Plugin.java:84) [jmeter-plugins-manager-0.13.jar:?]
	at org.jmeterplugins.repository.PluginManager.load(PluginManager.java:61) [jmeter-plugins-manager-0.13.jar:?]
	at org.jmeterplugins.repository.PluginManagerMenuItem.<init>(PluginManagerMenuItem.java:28) [jmeter-plugins-manager-0.13.jar:?]
	at org.jmeterplugins.repository.PluginManagerMenuCreator.getMenuItemsAtLocation(PluginManagerMenuCreator.java:22) [jmeter-plugins-manager-0.13.jar:?]
	at org.apache.jmeter.gui.util.JMeterMenuBar.addPluginsMenuItems(JMeterMenuBar.java:594) [ApacheJMeter_core.jar:3.2 r1790748]
	at org.apache.jmeter.gui.util.JMeterMenuBar.makeOptionsMenu(JMeterMenuBar.java:370) [ApacheJMeter_core.jar:3.2 r1790748]
	at org.apache.jmeter.gui.util.JMeterMenuBar.createMenuBar(JMeterMenuBar.java:268) [ApacheJMeter_core.jar:3.2 r1790748]
	at org.apache.jmeter.gui.util.JMeterMenuBar.<init>(JMeterMenuBar.java:164) [ApacheJMeter_core.jar:3.2 r1790748]
	at org.apache.jmeter.gui.MainFrame.init(MainFrame.java:510) [ApacheJMeter_core.jar:3.2 r1790748]
	at org.apache.jmeter.gui.MainFrame.<init>(MainFrame.java:240) [ApacheJMeter_core.jar:3.2 r1790748]
	at org.apache.jmeter.JMeter.startGui(JMeter.java:375) [ApacheJMeter_core.jar:3.2 r1790748]
	at org.apache.jmeter.JMeter.start(JMeter.java:519) [ApacheJMeter_core.jar:3.2 r1790748]
	at sun.reflect.NativeMethodAccessorImpl.invoke0(Native Method) ~[?:1.8.0_161]
	at sun.reflect.NativeMethodAccessorImpl.invoke(Unknown Source) ~[?:1.8.0_161]
	at sun.reflect.DelegatingMethodAccessorImpl.invoke(Unknown Source) ~[?:1.8.0_161]
	at java.lang.reflect.Method.invoke(Unknown Source) ~[?:1.8.0_161]
	at org.apache.jmeter.NewDriver.main(NewDriver.java:248) [ApacheJMeter.jar:3.2 r1790748]
Caused by: java.lang.ClassNotFoundException: org.apache.jmeter.protocol.http.sampler.HTTPSampler2
	at java.net.URLClassLoader.findClass(Unknown Source) ~[?:1.8.0_161]
	at java.lang.ClassLoader.loadClass(Unknown Source) ~[?:1.8.0_161]
	at java.lang.ClassLoader.loadClass(Unknown Source) ~[?:1.8.0_161]
	... 30 more
2018-05-08 13:59:38,347 INFO o.j.r.PluginManager: Plugins Status: [jpgc-graphs-basic=2.0, jpgc-graphs-additional=2.0, jpgc-autostop=0.1, blazemeter-debugger=0.3, jpgc-sense=2.4, netflix-cassandra=0.2-SNAPSHOT, jpgc-cmd=2.1, jpgc-graphs-composite=2.0, jpgc-csl=0.1, jpgc-functions=2.0, custom-soap=1.3, jpgc-casutg=2.1, jpgc-dbmon=0.1, jpgc-directory-listing=0.1, jpgc-graphs-dist=2.0, jpgc-dummy=0.2, jpgc-filterresults=2.1, jpgc-ffw=2.0, jpgc-ggl=2.0, bzm-hls=1.2, jpgc-httpraw=0.1, jpgc-sts=2.2, bzm-http2=1.0, jpgc-hadoop=2.0, jpgc-fifo=0.2, jpgc-jms=0.2, jpgc-jmxmon=0.2, jpgc-json=2.6, jpgc-graphs-vs=2.0, kafkameter=0.2.0, jpgc-lockfile=0.1, mqtt-sampler=0.0.1-SNAPSHOT, jpgc-mergeresults=2.1, jpgc-pde=0.1, bzm-parallel=0.2, jpgc-prmctl=0.3, jpgc-perfmon=2.1, jpgc-plugins-manager=0.13, jpgc-redis=0.2, jpgc-rotating-listener=0.1, ssh-sampler=1.1.1-SNAPSHOT, tilln-sshmon=1.0, jpgc-webdriver=1.4.0, jpgc-synthesis=2.1, jpgc-plancheck=2.2, jpgc-tst=2.0, jpgc-udp=0.3, jpgc-csvars=0.1, tilln-wssecurity=1.2, websocket-sampler=1.0.2-SNAPSHOT, websocket-samplers=0.11.1, jpgc-wsc=0.2, jpgc-xml=0.1, jpgc-xmpp=1.5.1, jmeter-core=3.2, jmeter-ftp=3.2, jmeter-http=3.2, jmeter-jdbc=3.2, jmeter-jms=3.2, jmeter-junit=3.2, jmeter-java=3.2, jmeter-ldap=3.2, jmeter-mail=3.2, jmeter-mongodb=3.2, jmeter-native=3.2, jmeter-tcp=3.2, jmeter-components=3.2, jpgc-standard=2.0]
2018-05-08 13:59:39,571 INFO o.a.j.p.h.s.HTTPSamplerBase: Parser for text/html is org.apache.jmeter.protocol.http.parser.LagartoBasedHtmlParser
2018-05-08 13:59:39,571 INFO o.a.j.p.h.s.HTTPSamplerBase: Parser for application/xhtml+xml is org.apache.jmeter.protocol.http.parser.LagartoBasedHtmlParser
2018-05-08 13:59:39,571 INFO o.a.j.p.h.s.HTTPSamplerBase: Parser for application/xml is org.apache.jmeter.protocol.http.parser.LagartoBasedHtmlParser
2018-05-08 13:59:39,571 INFO o.a.j.p.h.s.HTTPSamplerBase: Parser for text/xml is org.apache.jmeter.protocol.http.parser.LagartoBasedHtmlParser
2018-05-08 13:59:39,571 INFO o.a.j.p.h.s.HTTPSamplerBase: Parser for text/vnd.wap.wml is org.apache.jmeter.protocol.http.parser.RegexpHTMLParser
2018-05-08 13:59:39,571 INFO o.a.j.p.h.s.HTTPSamplerBase: Parser for text/css is org.apache.jmeter.protocol.http.parser.CssParser
2018-05-08 13:59:39,636 INFO o.a.j.s.SampleResult: Note: Sample TimeStamps are START times
2018-05-08 13:59:39,636 INFO o.a.j.s.SampleResult: sampleresult.default.encoding is set to ISO-8859-1
2018-05-08 13:59:39,636 INFO o.a.j.s.SampleResult: sampleresult.useNanoTime=true
2018-05-08 13:59:39,636 INFO o.a.j.s.SampleResult: sampleresult.nanoThreadSleep=5000
2018-05-08 13:59:41,221 WARN o.a.j.g.ObjectTableModel: Header count=13 but classes count=11
2018-05-08 13:59:41,221 WARN o.a.j.g.ObjectTableModel: Header count=13 but writeFunctor count=11
2018-05-08 13:59:41,789 INFO o.a.j.g.u.MenuFactory: Skipping org.apache.jmeter.assertions.BSFAssertion
2018-05-08 13:59:41,929 INFO o.a.j.g.u.MenuFactory: Skipping org.apache.jmeter.extractor.BSFPostProcessor
2018-05-08 13:59:41,963 INFO o.a.j.g.u.MenuFactory: Skipping org.apache.jmeter.modifiers.BSFPreProcessor
2018-05-08 13:59:42,385 INFO o.a.j.e.KeyToolUtils: keytool found at 'keytool'
2018-05-08 13:59:42,386 INFO o.a.j.p.h.p.ProxyControl: HTTP(S) Test Script Recorder SSL Proxy will use keys that support embedded 3rd party resources in file C:\Users\zstoychev\Desktop\jemrepo\jmeter_TeamC\apache-jmeter-3.2\bin\proxyserver.jks
2018-05-08 13:59:42,603 INFO o.a.j.g.u.MenuFactory: Skipping org.apache.jmeter.protocol.java.sampler.BSFSampler
2018-05-08 13:59:42,652 INFO o.a.j.s.FileServer: Default base='C:\Users\zstoychev\Desktop\jemrepo\jmeter_TeamC\apache-jmeter-3.2\bin'
2018-05-08 13:59:42,728 INFO o.a.j.g.u.MenuFactory: Skipping org.apache.jmeter.protocol.mongodb.config.MongoSourceElement
2018-05-08 13:59:42,728 INFO o.a.j.g.u.MenuFactory: Skipping org.apache.jmeter.protocol.mongodb.sampler.MongoScriptSampler
2018-05-08 13:59:42,732 WARN o.a.j.u.JMeterUtils: ERROR! Resource string not found: [mqtt_qos]
2018-05-08 13:59:42,732 WARN o.a.j.u.JMeterUtils: ERROR! Resource string not found: [mqtt_at_most_once]
2018-05-08 13:59:42,733 WARN o.a.j.u.JMeterUtils: ERROR! Resource string not found: [mqtt_at_least_once]
2018-05-08 13:59:42,733 WARN o.a.j.u.JMeterUtils: ERROR! Resource string not found: [mqtt_exactly_once]
2018-05-08 13:59:42,733 WARN o.a.j.u.JMeterUtils: ERROR! Resource string not found: [mqtt_client_types]
2018-05-08 13:59:42,733 WARN o.a.j.u.JMeterUtils: ERROR! Resource string not found: [mqtt_blocking_client]
2018-05-08 13:59:42,733 WARN o.a.j.u.JMeterUtils: ERROR! Resource string not found: [mqtt_async_client]
2018-05-08 13:59:42,733 WARN o.a.j.u.JMeterUtils: ERROR! Resource string not found: [mqtt_message_input_type]
2018-05-08 13:59:42,734 WARN o.a.j.u.JMeterUtils: ERROR! Resource string not found: [mqtt_message_input_type_text]
2018-05-08 13:59:42,734 WARN o.a.j.u.JMeterUtils: ERROR! Resource string not found: [mqtt_message_input_type_file]
2018-05-08 13:59:42,745 WARN o.a.j.u.JMeterUtils: ERROR! Resource string not found: [mqtt_qos]
2018-05-08 13:59:42,745 WARN o.a.j.u.JMeterUtils: ERROR! Resource string not found: [mqtt_at_most_once]
2018-05-08 13:59:42,746 WARN o.a.j.u.JMeterUtils: ERROR! Resource string not found: [mqtt_at_least_once]
2018-05-08 13:59:42,746 WARN o.a.j.u.JMeterUtils: ERROR! Resource string not found: [mqtt_exactly_once]
2018-05-08 13:59:42,746 WARN o.a.j.u.JMeterUtils: ERROR! Resource string not found: [mqtt_client_types]
2018-05-08 13:59:42,747 WARN o.a.j.u.JMeterUtils: ERROR! Resource string not found: [mqtt_blocking_client]
2018-05-08 13:59:42,747 WARN o.a.j.u.JMeterUtils: ERROR! Resource string not found: [mqtt_async_client]
2018-05-08 13:59:43,203 INFO o.a.j.g.u.MenuFactory: Skipping org.apache.jmeter.timers.BSFTimer
2018-05-08 13:59:43,230 INFO o.a.j.g.u.MenuFactory: Skipping org.apache.jmeter.visualizers.BSFListener
2018-05-08 14:00:02,043 INFO o.a.j.g.a.Load: Loading file: C:\Users\zstoychev\Desktop\jemrepo\jmeter_TeamC\HTTP Randa_edition_player_.jmx
2018-05-08 14:00:02,044 INFO o.a.j.s.FileServer: Set new base='C:\Users\zstoychev\Desktop\jemrepo\jmeter_TeamC'
2018-05-08 14:00:02,197 INFO o.a.j.s.SaveService: Testplan (JMX) version: 2.2. Testlog (JTL) version: 2.2
2018-05-08 14:00:02,203 INFO o.a.j.s.SaveService: Using SaveService properties file encoding UTF-8
2018-05-08 14:00:02,207 INFO o.a.j.s.SaveService: Using SaveService properties version 3.2
2018-05-08 14:00:02,210 INFO o.a.j.s.SaveService: Loading file: C:\Users\zstoychev\Desktop\jemrepo\jmeter_TeamC\HTTP Randa_edition_player_.jmx
2018-05-08 14:00:02,473 INFO o.a.j.s.FileServer: Set new base='C:\Users\zstoychev\Desktop\jemrepo\jmeter_TeamC'
2018-05-08 14:03:06,400 INFO o.a.j.e.StandardJMeterEngine: Running the test!
2018-05-08 14:03:06,402 INFO o.a.j.s.SampleEvent: List of sample_variables: []
2018-05-08 14:03:06,402 INFO o.a.j.s.SampleEvent: List of sample_variables: []
2018-05-08 14:03:06,419 INFO o.a.j.g.u.JMeterMenuBar: setRunning(true, *local*)
2018-05-08 14:03:06,673 INFO o.a.j.e.StandardJMeterEngine: Starting ThreadGroup: 1 : Thread Group
2018-05-08 14:03:06,674 INFO o.a.j.e.StandardJMeterEngine: Starting 1 threads for group Thread Group.
2018-05-08 14:03:06,674 INFO o.a.j.e.StandardJMeterEngine: Thread will continue on error
2018-05-08 14:03:06,674 INFO o.a.j.t.ThreadGroup: Starting thread group... number=1 threads=1 ramp-up=1 perThread=1000.0 delayedStart=false
2018-05-08 14:03:06,678 INFO o.a.j.t.ThreadGroup: Started thread group number 1
2018-05-08 14:03:06,679 INFO o.a.j.e.StandardJMeterEngine: All thread groups have been started
2018-05-08 14:03:06,686 INFO o.a.j.t.JMeterThread: Thread started: Thread Group 1-1
2018-05-08 14:03:06,695 INFO o.a.j.p.h.s.HTTPHCAbstractImpl: Local host = EN719028
2018-05-08 14:03:06,700 INFO o.a.j.p.h.s.HTTPHC4Impl: HTTP request retry count = 0
2018-05-08 14:03:06,813 INFO o.a.j.p.h.s.LazySchemeSocketFactory: Setting up HTTPS TrustAll Socket Factory
2018-05-08 14:03:06,815 INFO o.a.j.u.JsseSSLManager: Using default SSL protocol: TLS
2018-05-08 14:03:06,815 INFO o.a.j.u.JsseSSLManager: SSL session context: per-thread
2018-05-08 14:03:06,826 INFO o.a.j.u.SSLManager: JmeterKeyStore Location:  type JKS
2018-05-08 14:03:06,827 INFO o.a.j.u.SSLManager: KeyStore created OK
2018-05-08 14:03:06,827 WARN o.a.j.u.SSLManager: Keystore file not found, loading empty keystore
2018-05-08 14:04:57,791 INFO o.a.j.t.JMeterThread: Thread is done: Thread Group 1-1
2018-05-08 14:04:57,791 INFO o.a.j.t.JMeterThread: Thread finished: Thread Group 1-1
2018-05-08 14:04:57,793 INFO o.a.j.e.StandardJMeterEngine: Notifying test listeners of end of test
2018-05-08 14:04:57,794 INFO o.a.j.g.u.JMeterMenuBar: setRunning(false, *local*)
2018-05-08 16:40:24,773 INFO o.a.j.e.StandardJMeterEngine: Running the test!
2018-05-08 16:40:24,776 INFO o.a.j.s.SampleEvent: List of sample_variables: []
2018-05-08 16:40:24,780 INFO o.a.j.g.u.JMeterMenuBar: setRunning(true, *local*)
2018-05-08 16:40:25,064 INFO o.a.j.e.StandardJMeterEngine: Starting ThreadGroup: 1 : Thread Group
2018-05-08 16:40:25,064 INFO o.a.j.e.StandardJMeterEngine: Starting 1 threads for group Thread Group.
2018-05-08 16:40:25,064 INFO o.a.j.e.StandardJMeterEngine: Thread will continue on error
2018-05-08 16:40:25,064 INFO o.a.j.t.ThreadGroup: Starting thread group... number=1 threads=1 ramp-up=1 perThread=1000.0 delayedStart=false
2018-05-08 16:40:25,065 INFO o.a.j.t.ThreadGroup: Started thread group number 1
2018-05-08 16:40:25,065 INFO o.a.j.e.StandardJMeterEngine: All thread groups have been started
2018-05-08 16:40:25,067 INFO o.a.j.t.JMeterThread: Thread started: Thread Group 1-1
2018-05-08 16:40:26,060 INFO o.a.j.t.JMeterThread: Thread is done: Thread Group 1-1
2018-05-08 16:40:26,060 INFO o.a.j.t.JMeterThread: Thread finished: Thread Group 1-1
2018-05-08 16:40:26,061 INFO o.a.j.e.StandardJMeterEngine: Notifying test listeners of end of test
2018-05-08 16:40:26,062 INFO o.a.j.g.u.JMeterMenuBar: setRunning(false, *local*)
2018-05-08 16:41:02,959 INFO o.a.j.e.StandardJMeterEngine: Running the test!
2018-05-08 16:41:02,960 INFO o.a.j.s.SampleEvent: List of sample_variables: []
2018-05-08 16:41:02,963 INFO o.a.j.g.u.JMeterMenuBar: setRunning(true, *local*)
2018-05-08 16:41:03,168 INFO o.a.j.e.StandardJMeterEngine: Starting ThreadGroup: 1 : Thread Group
2018-05-08 16:41:03,168 INFO o.a.j.e.StandardJMeterEngine: Starting 1 threads for group Thread Group.
2018-05-08 16:41:03,168 INFO o.a.j.e.StandardJMeterEngine: Thread will continue on error
2018-05-08 16:41:03,168 INFO o.a.j.t.ThreadGroup: Starting thread group... number=1 threads=1 ramp-up=1 perThread=1000.0 delayedStart=false
2018-05-08 16:41:03,169 INFO o.a.j.t.ThreadGroup: Started thread group number 1
2018-05-08 16:41:03,170 INFO o.a.j.e.StandardJMeterEngine: All thread groups have been started
2018-05-08 16:41:03,179 INFO o.a.j.t.JMeterThread: Thread started: Thread Group 1-1
2018-05-08 16:41:26,023 INFO o.a.j.t.JMeterThread: Thread is done: Thread Group 1-1
2018-05-08 16:41:26,023 INFO o.a.j.t.JMeterThread: Thread finished: Thread Group 1-1
2018-05-08 16:41:26,025 INFO o.a.j.e.StandardJMeterEngine: Notifying test listeners of end of test
2018-05-08 16:41:26,026 INFO o.a.j.g.u.JMeterMenuBar: setRunning(false, *local*)
2018-05-09 10:14:40,281 INFO o.a.j.e.StandardJMeterEngine: Running the test!
2018-05-09 10:14:40,284 INFO o.a.j.s.SampleEvent: List of sample_variables: []
2018-05-09 10:14:40,289 INFO o.a.j.g.u.JMeterMenuBar: setRunning(true, *local*)
2018-05-09 10:14:40,586 INFO o.a.j.e.StandardJMeterEngine: Starting ThreadGroup: 1 : Thread Group
2018-05-09 10:14:40,587 INFO o.a.j.e.StandardJMeterEngine: Starting 1 threads for group Thread Group.
2018-05-09 10:14:40,587 INFO o.a.j.e.StandardJMeterEngine: Thread will continue on error
2018-05-09 10:14:40,587 INFO o.a.j.t.ThreadGroup: Starting thread group... number=1 threads=1 ramp-up=1 perThread=1000.0 delayedStart=false
2018-05-09 10:14:40,588 INFO o.a.j.t.ThreadGroup: Started thread group number 1
2018-05-09 10:14:40,588 INFO o.a.j.e.StandardJMeterEngine: All thread groups have been started
2018-05-09 10:14:40,589 INFO o.a.j.t.JMeterThread: Thread started: Thread Group 1-1
2018-05-09 10:14:48,837 INFO o.a.j.t.JMeterThread: Thread is done: Thread Group 1-1
2018-05-09 10:14:48,837 INFO o.a.j.t.JMeterThread: Thread finished: Thread Group 1-1
2018-05-09 10:14:48,839 INFO o.a.j.e.StandardJMeterEngine: Notifying test listeners of end of test
2018-05-09 10:14:48,840 INFO o.a.j.g.u.JMeterMenuBar: setRunning(false, *local*)
